{"/Users/siyajariwala/Desktop/my-project/frontend_findVirtualMe/src/components/Dashboard.jsx": {"path":"/Users/siyajariwala/Desktop/my-project/frontend_findVirtualMe/src/components/Dashboard.jsx","statementMap":{"0":{"start":{"line":11,"column":30},"end":{"line":11,"column":50}},"1":{"start":{"line":12,"column":19},"end":{"line":12,"column":32}},"2":{"start":{"line":13,"column":21},"end":{"line":13,"column":53}},"3":{"start":{"line":14,"column":39},"end":{"line":14,"column":62}},"4":{"start":{"line":16,"column":42},"end":{"line":16,"column":54}},"5":{"start":{"line":17,"column":48},"end":{"line":17,"column":60}},"6":{"start":{"line":18,"column":38},"end":{"line":18,"column":50}},"7":{"start":{"line":19,"column":46},"end":{"line":19,"column":58}},"8":{"start":{"line":20,"column":34},"end":{"line":20,"column":51}},"9":{"start":{"line":23,"column":24},"end":{"line":23,"column":97}},"10":{"start":{"line":25,"column":21},"end":{"line":27,"column":3}},"11":{"start":{"line":30,"column":2},"end":{"line":36,"column":20}},"12":{"start":{"line":31,"column":4},"end":{"line":31,"column":22}},"13":{"start":{"line":32,"column":4},"end":{"line":32,"column":26}},"14":{"start":{"line":33,"column":4},"end":{"line":35,"column":5}},"15":{"start":{"line":34,"column":6},"end":{"line":34,"column":22}},"16":{"start":{"line":39,"column":21},"end":{"line":48,"column":3}},"17":{"start":{"line":40,"column":14},"end":{"line":40,"column":108}},"18":{"start":{"line":41,"column":4},"end":{"line":41,"column":49}},"19":{"start":{"line":41,"column":11},"end":{"line":41,"column":49}},"20":{"start":{"line":43,"column":4},"end":{"line":46,"column":5}},"21":{"start":{"line":44,"column":18},"end":{"line":44,"column":43}},"22":{"start":{"line":45,"column":6},"end":{"line":45,"column":72}},"23":{"start":{"line":45,"column":51},"end":{"line":45,"column":72}},"24":{"start":{"line":47,"column":4},"end":{"line":47,"column":14}},"25":{"start":{"line":51,"column":17},"end":{"line":60,"column":3}},"26":{"start":{"line":52,"column":18},"end":{"line":52,"column":39}},"27":{"start":{"line":53,"column":18},"end":{"line":53,"column":109}},"28":{"start":{"line":55,"column":6},"end":{"line":58,"column":96}},"29":{"start":{"line":59,"column":4},"end":{"line":59,"column":55}},"30":{"start":{"line":62,"column":26},"end":{"line":74,"column":3}},"31":{"start":{"line":63,"column":4},"end":{"line":73,"column":5}},"32":{"start":{"line":65,"column":6},"end":{"line":65,"column":29}},"33":{"start":{"line":67,"column":6},"end":{"line":69,"column":7}},"34":{"start":{"line":68,"column":8},"end":{"line":68,"column":28}},"35":{"start":{"line":71,"column":6},"end":{"line":71,"column":47}},"36":{"start":{"line":72,"column":6},"end":{"line":72,"column":25}},"37":{"start":{"line":76,"column":31},"end":{"line":80,"column":3}},"38":{"start":{"line":77,"column":22},"end":{"line":77,"column":69}},"39":{"start":{"line":78,"column":4},"end":{"line":78,"column":50}},"40":{"start":{"line":79,"column":4},"end":{"line":79,"column":64}},"41":{"start":{"line":82,"column":28},"end":{"line":95,"column":3}},"42":{"start":{"line":83,"column":4},"end":{"line":83,"column":22}},"43":{"start":{"line":83,"column":15},"end":{"line":83,"column":22}},"44":{"start":{"line":84,"column":4},"end":{"line":94,"column":5}},"45":{"start":{"line":85,"column":23},"end":{"line":87,"column":7}},"46":{"start":{"line":86,"column":8},"end":{"line":86,"column":98}},"47":{"start":{"line":86,"column":89},"end":{"line":86,"column":97}},"48":{"start":{"line":89,"column":29},"end":{"line":89,"column":56}},"49":{"start":{"line":90,"column":6},"end":{"line":90,"column":73}},"50":{"start":{"line":91,"column":6},"end":{"line":91,"column":38}},"51":{"start":{"line":93,"column":6},"end":{"line":93,"column":60}},"52":{"start":{"line":97,"column":24},"end":{"line":109,"column":3}},"53":{"start":{"line":98,"column":4},"end":{"line":108,"column":5}},"54":{"start":{"line":99,"column":18},"end":{"line":101,"column":8}},"55":{"start":{"line":103,"column":23},"end":{"line":103,"column":62}},"56":{"start":{"line":104,"column":6},"end":{"line":104,"column":30}},"57":{"start":{"line":106,"column":6},"end":{"line":106,"column":45}},"58":{"start":{"line":107,"column":6},"end":{"line":107,"column":25}},"59":{"start":{"line":111,"column":30},"end":{"line":127,"column":3}},"60":{"start":{"line":112,"column":4},"end":{"line":126,"column":5}},"61":{"start":{"line":113,"column":18},"end":{"line":115,"column":8}},"62":{"start":{"line":117,"column":6},"end":{"line":122,"column":7}},"63":{"start":{"line":118,"column":25},"end":{"line":118,"column":82}},"64":{"start":{"line":119,"column":8},"end":{"line":119,"column":36}},"65":{"start":{"line":121,"column":8},"end":{"line":121,"column":56}},"66":{"start":{"line":124,"column":6},"end":{"line":124,"column":52}},"67":{"start":{"line":125,"column":6},"end":{"line":125,"column":27}},"68":{"start":{"line":129,"column":23},"end":{"line":147,"column":3}},"69":{"start":{"line":130,"column":4},"end":{"line":146,"column":5}},"70":{"start":{"line":131,"column":18},"end":{"line":131,"column":91}},"71":{"start":{"line":133,"column":6},"end":{"line":142,"column":7}},"72":{"start":{"line":134,"column":8},"end":{"line":134,"column":48}},"73":{"start":{"line":136,"column":8},"end":{"line":138,"column":10}},"74":{"start":{"line":137,"column":10},"end":{"line":137,"column":106}},"75":{"start":{"line":137,"column":27},"end":{"line":137,"column":104}},"76":{"start":{"line":139,"column":8},"end":{"line":139,"column":31}},"77":{"start":{"line":141,"column":8},"end":{"line":141,"column":47}},"78":{"start":{"line":144,"column":6},"end":{"line":144,"column":27}},"79":{"start":{"line":145,"column":6},"end":{"line":145,"column":51}},"80":{"start":{"line":150,"column":22},"end":{"line":161,"column":3}},"81":{"start":{"line":151,"column":4},"end":{"line":160,"column":5}},"82":{"start":{"line":152,"column":6},"end":{"line":152,"column":84}},"83":{"start":{"line":152,"column":59},"end":{"line":152,"column":84}},"84":{"start":{"line":153,"column":6},"end":{"line":156,"column":20}},"85":{"start":{"line":154,"column":24},"end":{"line":154,"column":45}},"86":{"start":{"line":155,"column":20},"end":{"line":155,"column":37}},"87":{"start":{"line":158,"column":6},"end":{"line":158,"column":52}},"88":{"start":{"line":159,"column":6},"end":{"line":159,"column":31}},"89":{"start":{"line":162,"column":37},"end":{"line":177,"column":3}},"90":{"start":{"line":163,"column":14},"end":{"line":163,"column":73}},"91":{"start":{"line":163,"column":44},"end":{"line":163,"column":72}},"92":{"start":{"line":164,"column":4},"end":{"line":164,"column":19}},"93":{"start":{"line":164,"column":12},"end":{"line":164,"column":19}},"94":{"start":{"line":166,"column":17},"end":{"line":166,"column":57}},"95":{"start":{"line":167,"column":17},"end":{"line":167,"column":56}},"96":{"start":{"line":168,"column":16},"end":{"line":168,"column":41}},"97":{"start":{"line":171,"column":22},"end":{"line":171,"column":71}},"98":{"start":{"line":174,"column":4},"end":{"line":176,"column":5}},"99":{"start":{"line":175,"column":6},"end":{"line":175,"column":56}},"100":{"start":{"line":175,"column":31},"end":{"line":175,"column":55}},"101":{"start":{"line":179,"column":29},"end":{"line":179,"column":54}},"102":{"start":{"line":179,"column":35},"end":{"line":179,"column":54}},"103":{"start":{"line":181,"column":32},"end":{"line":198,"column":3}},"104":{"start":{"line":182,"column":4},"end":{"line":197,"column":5}},"105":{"start":{"line":183,"column":18},"end":{"line":183,"column":76}},"106":{"start":{"line":185,"column":23},"end":{"line":185,"column":26}},"107":{"start":{"line":187,"column":6},"end":{"line":193,"column":7}},"108":{"start":{"line":188,"column":8},"end":{"line":188,"column":66}},"109":{"start":{"line":189,"column":8},"end":{"line":189,"column":60}},"110":{"start":{"line":190,"column":8},"end":{"line":190,"column":22}},"111":{"start":{"line":192,"column":8},"end":{"line":192,"column":66}},"112":{"start":{"line":195,"column":6},"end":{"line":195,"column":59}},"113":{"start":{"line":196,"column":6},"end":{"line":196,"column":27}},"114":{"start":{"line":200,"column":29},"end":{"line":202,"column":3}},"115":{"start":{"line":201,"column":4},"end":{"line":201,"column":45}},"116":{"start":{"line":204,"column":27},"end":{"line":226,"column":3}},"117":{"start":{"line":205,"column":4},"end":{"line":225,"column":5}},"118":{"start":{"line":206,"column":18},"end":{"line":215,"column":7}},"119":{"start":{"line":217,"column":6},"end":{"line":221,"column":7}},"120":{"start":{"line":218,"column":8},"end":{"line":218,"column":64}},"121":{"start":{"line":220,"column":8},"end":{"line":220,"column":48}},"122":{"start":{"line":223,"column":6},"end":{"line":223,"column":44}},"123":{"start":{"line":224,"column":6},"end":{"line":224,"column":25}},"124":{"start":{"line":228,"column":2},"end":{"line":391,"column":4}},"125":{"start":{"line":238,"column":18},"end":{"line":274,"column":24}},"126":{"start":{"line":241,"column":35},"end":{"line":241,"column":53}},"127":{"start":{"line":245,"column":24},"end":{"line":245,"column":44}},"128":{"start":{"line":246,"column":24},"end":{"line":246,"column":40}},"129":{"start":{"line":260,"column":59},"end":{"line":260,"column":90}},"130":{"start":{"line":267,"column":24},"end":{"line":267,"column":44}},"131":{"start":{"line":268,"column":24},"end":{"line":268,"column":53}},"132":{"start":{"line":294,"column":18},"end":{"line":304,"column":24}},"133":{"start":{"line":297,"column":35},"end":{"line":297,"column":72}},"134":{"start":{"line":321,"column":29},"end":{"line":321,"column":49}},"135":{"start":{"line":332,"column":29},"end":{"line":332,"column":50}},"136":{"start":{"line":350,"column":18},"end":{"line":363,"column":24}},"137":{"start":{"line":353,"column":35},"end":{"line":353,"column":53}},"138":{"start":{"line":373,"column":18},"end":{"line":383,"column":24}},"139":{"start":{"line":376,"column":35},"end":{"line":376,"column":80}}},"fnMap":{"0":{"name":"Dashboard","decl":{"start":{"line":10,"column":24},"end":{"line":10,"column":33}},"loc":{"start":{"line":10,"column":36},"end":{"line":392,"column":1}},"line":10},"1":{"name":"(anonymous_1)","decl":{"start":{"line":30,"column":12},"end":{"line":30,"column":13}},"loc":{"start":{"line":30,"column":18},"end":{"line":36,"column":3}},"line":30},"2":{"name":"(anonymous_2)","decl":{"start":{"line":39,"column":21},"end":{"line":39,"column":22}},"loc":{"start":{"line":39,"column":36},"end":{"line":48,"column":3}},"line":39},"3":{"name":"(anonymous_3)","decl":{"start":{"line":51,"column":17},"end":{"line":51,"column":18}},"loc":{"start":{"line":51,"column":44},"end":{"line":60,"column":3}},"line":51},"4":{"name":"(anonymous_4)","decl":{"start":{"line":62,"column":26},"end":{"line":62,"column":27}},"loc":{"start":{"line":62,"column":38},"end":{"line":74,"column":3}},"line":62},"5":{"name":"(anonymous_5)","decl":{"start":{"line":76,"column":31},"end":{"line":76,"column":32}},"loc":{"start":{"line":76,"column":43},"end":{"line":80,"column":3}},"line":76},"6":{"name":"(anonymous_6)","decl":{"start":{"line":82,"column":28},"end":{"line":82,"column":29}},"loc":{"start":{"line":82,"column":40},"end":{"line":95,"column":3}},"line":82},"7":{"name":"(anonymous_7)","decl":{"start":{"line":85,"column":43},"end":{"line":85,"column":44}},"loc":{"start":{"line":86,"column":8},"end":{"line":86,"column":98}},"line":86},"8":{"name":"(anonymous_8)","decl":{"start":{"line":86,"column":80},"end":{"line":86,"column":81}},"loc":{"start":{"line":86,"column":89},"end":{"line":86,"column":97}},"line":86},"9":{"name":"(anonymous_9)","decl":{"start":{"line":97,"column":24},"end":{"line":97,"column":25}},"loc":{"start":{"line":97,"column":36},"end":{"line":109,"column":3}},"line":97},"10":{"name":"(anonymous_10)","decl":{"start":{"line":111,"column":30},"end":{"line":111,"column":31}},"loc":{"start":{"line":111,"column":42},"end":{"line":127,"column":3}},"line":111},"11":{"name":"(anonymous_11)","decl":{"start":{"line":129,"column":23},"end":{"line":129,"column":24}},"loc":{"start":{"line":129,"column":44},"end":{"line":147,"column":3}},"line":129},"12":{"name":"(anonymous_12)","decl":{"start":{"line":136,"column":24},"end":{"line":136,"column":25}},"loc":{"start":{"line":137,"column":10},"end":{"line":137,"column":106}},"line":137},"13":{"name":"(anonymous_13)","decl":{"start":{"line":137,"column":19},"end":{"line":137,"column":20}},"loc":{"start":{"line":137,"column":27},"end":{"line":137,"column":104}},"line":137},"14":{"name":"(anonymous_14)","decl":{"start":{"line":150,"column":22},"end":{"line":150,"column":23}},"loc":{"start":{"line":150,"column":41},"end":{"line":161,"column":3}},"line":150},"15":{"name":"(anonymous_15)","decl":{"start":{"line":154,"column":14},"end":{"line":154,"column":15}},"loc":{"start":{"line":154,"column":24},"end":{"line":154,"column":45}},"line":154},"16":{"name":"(anonymous_16)","decl":{"start":{"line":155,"column":13},"end":{"line":155,"column":14}},"loc":{"start":{"line":155,"column":20},"end":{"line":155,"column":37}},"line":155},"17":{"name":"(anonymous_17)","decl":{"start":{"line":162,"column":37},"end":{"line":162,"column":38}},"loc":{"start":{"line":162,"column":52},"end":{"line":177,"column":3}},"line":162},"18":{"name":"(anonymous_18)","decl":{"start":{"line":163,"column":34},"end":{"line":163,"column":35}},"loc":{"start":{"line":163,"column":44},"end":{"line":163,"column":72}},"line":163},"19":{"name":"(anonymous_19)","decl":{"start":{"line":175,"column":25},"end":{"line":175,"column":26}},"loc":{"start":{"line":175,"column":31},"end":{"line":175,"column":55}},"line":175},"20":{"name":"(anonymous_20)","decl":{"start":{"line":179,"column":29},"end":{"line":179,"column":30}},"loc":{"start":{"line":179,"column":35},"end":{"line":179,"column":54}},"line":179},"21":{"name":"(anonymous_21)","decl":{"start":{"line":181,"column":32},"end":{"line":181,"column":33}},"loc":{"start":{"line":181,"column":55},"end":{"line":198,"column":3}},"line":181},"22":{"name":"(anonymous_22)","decl":{"start":{"line":200,"column":29},"end":{"line":200,"column":30}},"loc":{"start":{"line":200,"column":44},"end":{"line":202,"column":3}},"line":200},"23":{"name":"(anonymous_23)","decl":{"start":{"line":204,"column":27},"end":{"line":204,"column":28}},"loc":{"start":{"line":204,"column":39},"end":{"line":226,"column":3}},"line":204},"24":{"name":"(anonymous_24)","decl":{"start":{"line":237,"column":34},"end":{"line":237,"column":35}},"loc":{"start":{"line":238,"column":18},"end":{"line":274,"column":24}},"line":238},"25":{"name":"(anonymous_25)","decl":{"start":{"line":241,"column":29},"end":{"line":241,"column":30}},"loc":{"start":{"line":241,"column":35},"end":{"line":241,"column":53}},"line":241},"26":{"name":"(anonymous_26)","decl":{"start":{"line":244,"column":31},"end":{"line":244,"column":32}},"loc":{"start":{"line":244,"column":38},"end":{"line":247,"column":23}},"line":244},"27":{"name":"(anonymous_27)","decl":{"start":{"line":260,"column":44},"end":{"line":260,"column":45}},"loc":{"start":{"line":260,"column":59},"end":{"line":260,"column":90}},"line":260},"28":{"name":"(anonymous_28)","decl":{"start":{"line":266,"column":31},"end":{"line":266,"column":32}},"loc":{"start":{"line":266,"column":38},"end":{"line":269,"column":23}},"line":266},"29":{"name":"(anonymous_29)","decl":{"start":{"line":293,"column":32},"end":{"line":293,"column":33}},"loc":{"start":{"line":294,"column":18},"end":{"line":304,"column":24}},"line":294},"30":{"name":"(anonymous_30)","decl":{"start":{"line":297,"column":29},"end":{"line":297,"column":30}},"loc":{"start":{"line":297,"column":35},"end":{"line":297,"column":72}},"line":297},"31":{"name":"(anonymous_31)","decl":{"start":{"line":321,"column":23},"end":{"line":321,"column":24}},"loc":{"start":{"line":321,"column":29},"end":{"line":321,"column":49}},"line":321},"32":{"name":"(anonymous_32)","decl":{"start":{"line":332,"column":23},"end":{"line":332,"column":24}},"loc":{"start":{"line":332,"column":29},"end":{"line":332,"column":50}},"line":332},"33":{"name":"(anonymous_33)","decl":{"start":{"line":349,"column":37},"end":{"line":349,"column":38}},"loc":{"start":{"line":350,"column":18},"end":{"line":363,"column":24}},"line":350},"34":{"name":"(anonymous_34)","decl":{"start":{"line":353,"column":29},"end":{"line":353,"column":30}},"loc":{"start":{"line":353,"column":35},"end":{"line":353,"column":53}},"line":353},"35":{"name":"(anonymous_35)","decl":{"start":{"line":372,"column":36},"end":{"line":372,"column":37}},"loc":{"start":{"line":373,"column":18},"end":{"line":383,"column":24}},"line":373},"36":{"name":"(anonymous_36)","decl":{"start":{"line":376,"column":29},"end":{"line":376,"column":30}},"loc":{"start":{"line":376,"column":35},"end":{"line":376,"column":80}},"line":376}},"branchMap":{"0":{"loc":{"start":{"line":23,"column":25},"end":{"line":23,"column":75}},"type":"binary-expr","locations":[{"start":{"line":23,"column":25},"end":{"line":23,"column":36}},{"start":{"line":23,"column":40},"end":{"line":23,"column":69}},{"start":{"line":23,"column":73},"end":{"line":23,"column":75}}],"line":23},"1":{"loc":{"start":{"line":26,"column":4},"end":{"line":26,"column":95}},"type":"binary-expr","locations":[{"start":{"line":26,"column":4},"end":{"line":26,"column":13}},{"start":{"line":26,"column":17},"end":{"line":26,"column":25}},{"start":{"line":26,"column":29},"end":{"line":26,"column":59}},{"start":{"line":26,"column":63},"end":{"line":26,"column":89}},{"start":{"line":26,"column":93},"end":{"line":26,"column":95}}],"line":26},"2":{"loc":{"start":{"line":33,"column":4},"end":{"line":35,"column":5}},"type":"if","locations":[{"start":{"line":33,"column":4},"end":{"line":35,"column":5}},{"start":{},"end":{}}],"line":33},"3":{"loc":{"start":{"line":40,"column":14},"end":{"line":40,"column":108}},"type":"binary-expr","locations":[{"start":{"line":40,"column":14},"end":{"line":40,"column":24}},{"start":{"line":40,"column":28},"end":{"line":40,"column":42}},{"start":{"line":40,"column":46},"end":{"line":40,"column":61}},{"start":{"line":40,"column":65},"end":{"line":40,"column":81}},{"start":{"line":40,"column":85},"end":{"line":40,"column":102}},{"start":{"line":40,"column":106},"end":{"line":40,"column":108}}],"line":40},"4":{"loc":{"start":{"line":41,"column":4},"end":{"line":41,"column":49}},"type":"if","locations":[{"start":{"line":41,"column":4},"end":{"line":41,"column":49}},{"start":{},"end":{}}],"line":41},"5":{"loc":{"start":{"line":43,"column":4},"end":{"line":46,"column":5}},"type":"if","locations":[{"start":{"line":43,"column":4},"end":{"line":46,"column":5}},{"start":{},"end":{}}],"line":43},"6":{"loc":{"start":{"line":43,"column":8},"end":{"line":43,"column":54}},"type":"binary-expr","locations":[{"start":{"line":43,"column":8},"end":{"line":43,"column":27}},{"start":{"line":43,"column":31},"end":{"line":43,"column":54}}],"line":43},"7":{"loc":{"start":{"line":44,"column":25},"end":{"line":44,"column":42}},"type":"binary-expr","locations":[{"start":{"line":44,"column":25},"end":{"line":44,"column":36}},{"start":{"line":44,"column":40},"end":{"line":44,"column":42}}],"line":44},"8":{"loc":{"start":{"line":45,"column":6},"end":{"line":45,"column":72}},"type":"if","locations":[{"start":{"line":45,"column":6},"end":{"line":45,"column":72}},{"start":{},"end":{}}],"line":45},"9":{"loc":{"start":{"line":45,"column":10},"end":{"line":45,"column":49}},"type":"binary-expr","locations":[{"start":{"line":45,"column":10},"end":{"line":45,"column":13}},{"start":{"line":45,"column":17},"end":{"line":45,"column":27}},{"start":{"line":45,"column":31},"end":{"line":45,"column":49}}],"line":45},"10":{"loc":{"start":{"line":51,"column":23},"end":{"line":51,"column":39}},"type":"default-arg","locations":[{"start":{"line":51,"column":30},"end":{"line":51,"column":39}}],"line":51},"11":{"loc":{"start":{"line":53,"column":18},"end":{"line":53,"column":109}},"type":"binary-expr","locations":[{"start":{"line":53,"column":18},"end":{"line":53,"column":35}},{"start":{"line":53,"column":39},"end":{"line":53,"column":49}},{"start":{"line":53,"column":53},"end":{"line":53,"column":72}},{"start":{"line":53,"column":76},"end":{"line":53,"column":85}},{"start":{"line":53,"column":89},"end":{"line":53,"column":109}}],"line":53},"12":{"loc":{"start":{"line":55,"column":6},"end":{"line":58,"column":96}},"type":"binary-expr","locations":[{"start":{"line":55,"column":6},"end":{"line":55,"column":15}},{"start":{"line":56,"column":6},"end":{"line":56,"column":63}},{"start":{"line":57,"column":7},"end":{"line":57,"column":39}},{"start":{"line":58,"column":7},"end":{"line":58,"column":95}}],"line":55},"13":{"loc":{"start":{"line":57,"column":7},"end":{"line":57,"column":39}},"type":"cond-expr","locations":[{"start":{"line":57,"column":15},"end":{"line":57,"column":34}},{"start":{"line":57,"column":37},"end":{"line":57,"column":39}}],"line":57},"14":{"loc":{"start":{"line":58,"column":7},"end":{"line":58,"column":95}},"type":"cond-expr","locations":[{"start":{"line":58,"column":33},"end":{"line":58,"column":51}},{"start":{"line":58,"column":54},"end":{"line":58,"column":95}}],"line":58},"15":{"loc":{"start":{"line":58,"column":54},"end":{"line":58,"column":95}},"type":"cond-expr","locations":[{"start":{"line":58,"column":76},"end":{"line":58,"column":86}},{"start":{"line":58,"column":89},"end":{"line":58,"column":95}}],"line":58},"16":{"loc":{"start":{"line":67,"column":6},"end":{"line":69,"column":7}},"type":"if","locations":[{"start":{"line":67,"column":6},"end":{"line":69,"column":7}},{"start":{},"end":{}}],"line":67},"17":{"loc":{"start":{"line":83,"column":4},"end":{"line":83,"column":22}},"type":"if","locations":[{"start":{"line":83,"column":4},"end":{"line":83,"column":22}},{"start":{},"end":{}}],"line":83},"18":{"loc":{"start":{"line":103,"column":23},"end":{"line":103,"column":62}},"type":"cond-expr","locations":[{"start":{"line":103,"column":49},"end":{"line":103,"column":57}},{"start":{"line":103,"column":60},"end":{"line":103,"column":62}}],"line":103},"19":{"loc":{"start":{"line":117,"column":6},"end":{"line":122,"column":7}},"type":"if","locations":[{"start":{"line":117,"column":6},"end":{"line":122,"column":7}},{"start":{"line":120,"column":13},"end":{"line":122,"column":7}}],"line":117},"20":{"loc":{"start":{"line":118,"column":25},"end":{"line":118,"column":82}},"type":"cond-expr","locations":[{"start":{"line":118,"column":60},"end":{"line":118,"column":77}},{"start":{"line":118,"column":80},"end":{"line":118,"column":82}}],"line":118},"21":{"loc":{"start":{"line":133,"column":6},"end":{"line":142,"column":7}},"type":"if","locations":[{"start":{"line":133,"column":6},"end":{"line":142,"column":7}},{"start":{"line":140,"column":13},"end":{"line":142,"column":7}}],"line":133},"22":{"loc":{"start":{"line":137,"column":27},"end":{"line":137,"column":104}},"type":"cond-expr","locations":[{"start":{"line":137,"column":53},"end":{"line":137,"column":100}},{"start":{"line":137,"column":103},"end":{"line":137,"column":104}}],"line":137},"23":{"loc":{"start":{"line":150,"column":23},"end":{"line":150,"column":36}},"type":"default-arg","locations":[{"start":{"line":150,"column":34},"end":{"line":150,"column":36}}],"line":150},"24":{"loc":{"start":{"line":152,"column":6},"end":{"line":152,"column":84}},"type":"if","locations":[{"start":{"line":152,"column":6},"end":{"line":152,"column":84}},{"start":{},"end":{}}],"line":152},"25":{"loc":{"start":{"line":152,"column":10},"end":{"line":152,"column":57}},"type":"binary-expr","locations":[{"start":{"line":152,"column":10},"end":{"line":152,"column":19}},{"start":{"line":152,"column":23},"end":{"line":152,"column":57}}],"line":152},"26":{"loc":{"start":{"line":155,"column":20},"end":{"line":155,"column":37}},"type":"binary-expr","locations":[{"start":{"line":155,"column":20},"end":{"line":155,"column":31}},{"start":{"line":155,"column":35},"end":{"line":155,"column":37}}],"line":155},"27":{"loc":{"start":{"line":164,"column":4},"end":{"line":164,"column":19}},"type":"if","locations":[{"start":{"line":164,"column":4},"end":{"line":164,"column":19}},{"start":{},"end":{}}],"line":164},"28":{"loc":{"start":{"line":166,"column":29},"end":{"line":166,"column":56}},"type":"binary-expr","locations":[{"start":{"line":166,"column":29},"end":{"line":166,"column":50}},{"start":{"line":166,"column":54},"end":{"line":166,"column":56}}],"line":166},"29":{"loc":{"start":{"line":174,"column":4},"end":{"line":176,"column":5}},"type":"if","locations":[{"start":{"line":174,"column":4},"end":{"line":176,"column":5}},{"start":{},"end":{}}],"line":174},"30":{"loc":{"start":{"line":187,"column":6},"end":{"line":193,"column":7}},"type":"if","locations":[{"start":{"line":187,"column":6},"end":{"line":193,"column":7}},{"start":{"line":191,"column":13},"end":{"line":193,"column":7}}],"line":187},"31":{"loc":{"start":{"line":192,"column":20},"end":{"line":192,"column":64}},"type":"binary-expr","locations":[{"start":{"line":192,"column":20},"end":{"line":192,"column":32}},{"start":{"line":192,"column":36},"end":{"line":192,"column":64}}],"line":192},"32":{"loc":{"start":{"line":217,"column":6},"end":{"line":221,"column":7}},"type":"if","locations":[{"start":{"line":217,"column":6},"end":{"line":221,"column":7}},{"start":{"line":219,"column":13},"end":{"line":221,"column":7}}],"line":217},"33":{"loc":{"start":{"line":217,"column":10},"end":{"line":217,"column":49}},"type":"binary-expr","locations":[{"start":{"line":217,"column":10},"end":{"line":217,"column":21}},{"start":{"line":217,"column":25},"end":{"line":217,"column":49}}],"line":217},"34":{"loc":{"start":{"line":233,"column":11},"end":{"line":286,"column":11}},"type":"binary-expr","locations":[{"start":{"line":233,"column":11},"end":{"line":233,"column":15}},{"start":{"line":234,"column":12},"end":{"line":285,"column":22}}],"line":233},"35":{"loc":{"start":{"line":249,"column":8},"end":{"line":249,"column":59}},"type":"cond-expr","locations":[{"start":{"line":249,"column":30},"end":{"line":249,"column":43}},{"start":{"line":249,"column":46},"end":{"line":249,"column":59}}],"line":249},"36":{"loc":{"start":{"line":253,"column":10},"end":{"line":253,"column":70}},"type":"cond-expr","locations":[{"start":{"line":253,"column":32},"end":{"line":253,"column":52}},{"start":{"line":253,"column":55},"end":{"line":253,"column":70}}],"line":253},"37":{"loc":{"start":{"line":255,"column":25},"end":{"line":255,"column":67}},"type":"cond-expr","locations":[{"start":{"line":255,"column":47},"end":{"line":255,"column":55}},{"start":{"line":255,"column":58},"end":{"line":255,"column":67}}],"line":255},"38":{"loc":{"start":{"line":260,"column":23},"end":{"line":260,"column":119}},"type":"binary-expr","locations":[{"start":{"line":260,"column":23},"end":{"line":260,"column":106}},{"start":{"line":260,"column":110},"end":{"line":260,"column":119}}],"line":260},"39":{"loc":{"start":{"line":289,"column":11},"end":{"line":316,"column":11}},"type":"binary-expr","locations":[{"start":{"line":289,"column":11},"end":{"line":289,"column":15}},{"start":{"line":290,"column":12},"end":{"line":315,"column":22}}],"line":289},"40":{"loc":{"start":{"line":323,"column":16},"end":{"line":325,"column":69}},"type":"cond-expr","locations":[{"start":{"line":324,"column":20},"end":{"line":324,"column":54}},{"start":{"line":325,"column":20},"end":{"line":325,"column":69}}],"line":323},"41":{"loc":{"start":{"line":334,"column":16},"end":{"line":336,"column":69}},"type":"cond-expr","locations":[{"start":{"line":335,"column":20},"end":{"line":335,"column":54}},{"start":{"line":336,"column":20},"end":{"line":336,"column":69}}],"line":334},"42":{"loc":{"start":{"line":344,"column":11},"end":{"line":387,"column":11}},"type":"cond-expr","locations":[{"start":{"line":346,"column":12},"end":{"line":366,"column":22}},{"start":{"line":369,"column":12},"end":{"line":386,"column":22}}],"line":344}},"s":{"0":6,"1":6,"2":6,"3":6,"4":6,"5":6,"6":6,"7":6,"8":6,"9":6,"10":6,"11":6,"12":6,"13":6,"14":6,"15":0,"16":6,"17":0,"18":0,"19":0,"20":0,"21":0,"22":0,"23":0,"24":0,"25":6,"26":0,"27":0,"28":0,"29":0,"30":6,"31":6,"32":6,"33":6,"34":0,"35":0,"36":0,"37":6,"38":6,"39":6,"40":6,"41":6,"42":0,"43":0,"44":0,"45":0,"46":0,"47":0,"48":0,"49":0,"50":0,"51":0,"52":6,"53":0,"54":0,"55":0,"56":0,"57":0,"58":0,"59":6,"60":6,"61":6,"62":6,"63":0,"64":0,"65":6,"66":0,"67":0,"68":6,"69":0,"70":0,"71":0,"72":0,"73":0,"74":0,"75":0,"76":0,"77":0,"78":0,"79":0,"80":6,"81":0,"82":0,"83":0,"84":0,"85":0,"86":0,"87":0,"88":0,"89":6,"90":0,"91":0,"92":0,"93":0,"94":0,"95":0,"96":0,"97":0,"98":0,"99":0,"100":0,"101":6,"102":0,"103":6,"104":0,"105":0,"106":0,"107":0,"108":0,"109":0,"110":0,"111":0,"112":0,"113":0,"114":6,"115":0,"116":6,"117":0,"118":0,"119":0,"120":0,"121":0,"122":0,"123":0,"124":6,"125":0,"126":0,"127":0,"128":0,"129":0,"130":0,"131":0,"132":0,"133":0,"134":0,"135":0,"136":0,"137":0,"138":0,"139":0},"f":{"0":6,"1":6,"2":0,"3":0,"4":6,"5":6,"6":0,"7":0,"8":0,"9":0,"10":6,"11":0,"12":0,"13":0,"14":0,"15":0,"16":0,"17":0,"18":0,"19":0,"20":0,"21":0,"22":0,"23":0,"24":0,"25":0,"26":0,"27":0,"28":0,"29":0,"30":0,"31":0,"32":0,"33":0,"34":0,"35":0,"36":0},"b":{"0":[6,6,6],"1":[6,6,6,6,6],"2":[0,6],"3":[0,0,0,0,0,0],"4":[0,0],"5":[0,0],"6":[0,0],"7":[0,0],"8":[0,0],"9":[0,0,0],"10":[0],"11":[0,0,0,0,0],"12":[0,0,0,0],"13":[0,0],"14":[0,0],"15":[0,0],"16":[0,6],"17":[0,0],"18":[0,0],"19":[0,6],"20":[0,0],"21":[0,0],"22":[0,0],"23":[0],"24":[0,0],"25":[0,0],"26":[0,0],"27":[0,0],"28":[0,0],"29":[0,0],"30":[0,0],"31":[0,0],"32":[0,0],"33":[0,0],"34":[6,0],"35":[0,0],"36":[0,0],"37":[0,0],"38":[0,0],"39":[6,0],"40":[6,0],"41":[0,6],"42":[6,0]},"_coverageSchema":"1a1c01bbd47fc00a2c39e90264f33305004495a9","hash":"07443a5e1edf7a7fff93412d9dfbf9aa9aa838c7"}
,"/Users/siyajariwala/Desktop/my-project/frontend_findVirtualMe/src/components/Navbar.jsx": {"path":"/Users/siyajariwala/Desktop/my-project/frontend_findVirtualMe/src/components/Navbar.jsx","statementMap":{"0":{"start":{"line":10,"column":34},"end":{"line":10,"column":49}},"1":{"start":{"line":11,"column":34},"end":{"line":11,"column":51}},"2":{"start":{"line":12,"column":46},"end":{"line":12,"column":61}},"3":{"start":{"line":14,"column":34},"end":{"line":14,"column":57}},"4":{"start":{"line":16,"column":19},"end":{"line":16,"column":32}},"5":{"start":{"line":17,"column":23},"end":{"line":19,"column":3}},"6":{"start":{"line":18,"column":4},"end":{"line":18,"column":18}},"7":{"start":{"line":21,"column":2},"end":{"line":255,"column":4}},"8":{"start":{"line":46,"column":29},"end":{"line":46,"column":53}},"9":{"start":{"line":60,"column":29},"end":{"line":60,"column":51}},"10":{"start":{"line":67,"column":29},"end":{"line":67,"column":51}},"11":{"start":{"line":75,"column":31},"end":{"line":75,"column":56}},"12":{"start":{"line":86,"column":29},"end":{"line":86,"column":63}},"13":{"start":{"line":101,"column":33},"end":{"line":101,"column":53}},"14":{"start":{"line":111,"column":20},"end":{"line":111,"column":29}},"15":{"start":{"line":112,"column":20},"end":{"line":112,"column":34}},"16":{"start":{"line":130,"column":20},"end":{"line":130,"column":38}},"17":{"start":{"line":131,"column":20},"end":{"line":131,"column":41}},"18":{"start":{"line":144,"column":39},"end":{"line":144,"column":57}},"19":{"start":{"line":152,"column":53},"end":{"line":152,"column":74}},"20":{"start":{"line":152,"column":91},"end":{"line":152,"column":109}},"21":{"start":{"line":156,"column":45},"end":{"line":156,"column":66}},"22":{"start":{"line":164,"column":49},"end":{"line":164,"column":67}},"23":{"start":{"line":164,"column":89},"end":{"line":164,"column":109}},"24":{"start":{"line":168,"column":45},"end":{"line":168,"column":65}},"25":{"start":{"line":195,"column":16},"end":{"line":195,"column":41}},"26":{"start":{"line":196,"column":16},"end":{"line":196,"column":41}},"27":{"start":{"line":204,"column":16},"end":{"line":204,"column":41}},"28":{"start":{"line":205,"column":16},"end":{"line":205,"column":31}},"29":{"start":{"line":213,"column":16},"end":{"line":213,"column":41}},"30":{"start":{"line":214,"column":16},"end":{"line":214,"column":39}},"31":{"start":{"line":222,"column":16},"end":{"line":222,"column":41}},"32":{"start":{"line":223,"column":16},"end":{"line":223,"column":39}},"33":{"start":{"line":232,"column":18},"end":{"line":232,"column":43}},"34":{"start":{"line":233,"column":18},"end":{"line":233,"column":44}},"35":{"start":{"line":243,"column":18},"end":{"line":243,"column":43}},"36":{"start":{"line":244,"column":18},"end":{"line":244,"column":39}}},"fnMap":{"0":{"name":"Navbar","decl":{"start":{"line":9,"column":24},"end":{"line":9,"column":30}},"loc":{"start":{"line":9,"column":33},"end":{"line":256,"column":1}},"line":9},"1":{"name":"(anonymous_1)","decl":{"start":{"line":17,"column":23},"end":{"line":17,"column":24}},"loc":{"start":{"line":17,"column":29},"end":{"line":19,"column":3}},"line":17},"2":{"name":"(anonymous_2)","decl":{"start":{"line":46,"column":23},"end":{"line":46,"column":24}},"loc":{"start":{"line":46,"column":29},"end":{"line":46,"column":53}},"line":46},"3":{"name":"(anonymous_3)","decl":{"start":{"line":60,"column":23},"end":{"line":60,"column":24}},"loc":{"start":{"line":60,"column":29},"end":{"line":60,"column":51}},"line":60},"4":{"name":"(anonymous_4)","decl":{"start":{"line":67,"column":23},"end":{"line":67,"column":24}},"loc":{"start":{"line":67,"column":29},"end":{"line":67,"column":51}},"line":67},"5":{"name":"(anonymous_5)","decl":{"start":{"line":75,"column":25},"end":{"line":75,"column":26}},"loc":{"start":{"line":75,"column":31},"end":{"line":75,"column":56}},"line":75},"6":{"name":"(anonymous_6)","decl":{"start":{"line":86,"column":23},"end":{"line":86,"column":24}},"loc":{"start":{"line":86,"column":29},"end":{"line":86,"column":63}},"line":86},"7":{"name":"(anonymous_7)","decl":{"start":{"line":101,"column":27},"end":{"line":101,"column":28}},"loc":{"start":{"line":101,"column":33},"end":{"line":101,"column":53}},"line":101},"8":{"name":"(anonymous_8)","decl":{"start":{"line":110,"column":27},"end":{"line":110,"column":28}},"loc":{"start":{"line":110,"column":33},"end":{"line":113,"column":19}},"line":110},"9":{"name":"(anonymous_9)","decl":{"start":{"line":129,"column":27},"end":{"line":129,"column":28}},"loc":{"start":{"line":129,"column":33},"end":{"line":132,"column":19}},"line":129},"10":{"name":"(anonymous_10)","decl":{"start":{"line":144,"column":33},"end":{"line":144,"column":34}},"loc":{"start":{"line":144,"column":39},"end":{"line":144,"column":57}},"line":144},"11":{"name":"(anonymous_11)","decl":{"start":{"line":152,"column":47},"end":{"line":152,"column":48}},"loc":{"start":{"line":152,"column":53},"end":{"line":152,"column":74}},"line":152},"12":{"name":"(anonymous_12)","decl":{"start":{"line":152,"column":85},"end":{"line":152,"column":86}},"loc":{"start":{"line":152,"column":91},"end":{"line":152,"column":109}},"line":152},"13":{"name":"(anonymous_13)","decl":{"start":{"line":156,"column":39},"end":{"line":156,"column":40}},"loc":{"start":{"line":156,"column":45},"end":{"line":156,"column":66}},"line":156},"14":{"name":"(anonymous_14)","decl":{"start":{"line":164,"column":43},"end":{"line":164,"column":44}},"loc":{"start":{"line":164,"column":49},"end":{"line":164,"column":67}},"line":164},"15":{"name":"(anonymous_15)","decl":{"start":{"line":164,"column":83},"end":{"line":164,"column":84}},"loc":{"start":{"line":164,"column":89},"end":{"line":164,"column":109}},"line":164},"16":{"name":"(anonymous_16)","decl":{"start":{"line":168,"column":39},"end":{"line":168,"column":40}},"loc":{"start":{"line":168,"column":45},"end":{"line":168,"column":65}},"line":168},"17":{"name":"(anonymous_17)","decl":{"start":{"line":194,"column":23},"end":{"line":194,"column":24}},"loc":{"start":{"line":194,"column":29},"end":{"line":197,"column":15}},"line":194},"18":{"name":"(anonymous_18)","decl":{"start":{"line":203,"column":23},"end":{"line":203,"column":24}},"loc":{"start":{"line":203,"column":29},"end":{"line":206,"column":15}},"line":203},"19":{"name":"(anonymous_19)","decl":{"start":{"line":212,"column":23},"end":{"line":212,"column":24}},"loc":{"start":{"line":212,"column":29},"end":{"line":215,"column":15}},"line":212},"20":{"name":"(anonymous_20)","decl":{"start":{"line":221,"column":23},"end":{"line":221,"column":24}},"loc":{"start":{"line":221,"column":29},"end":{"line":224,"column":15}},"line":221},"21":{"name":"(anonymous_21)","decl":{"start":{"line":231,"column":25},"end":{"line":231,"column":26}},"loc":{"start":{"line":231,"column":31},"end":{"line":234,"column":17}},"line":231},"22":{"name":"(anonymous_22)","decl":{"start":{"line":242,"column":25},"end":{"line":242,"column":26}},"loc":{"start":{"line":242,"column":31},"end":{"line":245,"column":17}},"line":242}},"branchMap":{"0":{"loc":{"start":{"line":72,"column":13},"end":{"line":80,"column":13}},"type":"binary-expr","locations":[{"start":{"line":72,"column":13},"end":{"line":72,"column":17}},{"start":{"line":72,"column":21},"end":{"line":72,"column":42}},{"start":{"line":73,"column":14},"end":{"line":79,"column":23}}],"line":72},"1":{"loc":{"start":{"line":90,"column":15},"end":{"line":90,"column":88}},"type":"cond-expr","locations":[{"start":{"line":90,"column":32},"end":{"line":90,"column":57}},{"start":{"line":90,"column":60},"end":{"line":90,"column":88}}],"line":90},"2":{"loc":{"start":{"line":96,"column":13},"end":{"line":179,"column":13}},"type":"cond-expr","locations":[{"start":{"line":97,"column":14},"end":{"line":124,"column":17}},{"start":{"line":126,"column":14},"end":{"line":178,"column":17}}],"line":96},"3":{"loc":{"start":{"line":137,"column":17},"end":{"line":177,"column":17}},"type":"binary-expr","locations":[{"start":{"line":137,"column":17},"end":{"line":137,"column":25}},{"start":{"line":138,"column":18},"end":{"line":176,"column":24}}],"line":137},"4":{"loc":{"start":{"line":150,"column":23},"end":{"line":174,"column":23}},"type":"cond-expr","locations":[{"start":{"line":151,"column":24},"end":{"line":161,"column":27}},{"start":{"line":163,"column":24},"end":{"line":173,"column":27}}],"line":150},"5":{"loc":{"start":{"line":186,"column":12},"end":{"line":188,"column":62}},"type":"cond-expr","locations":[{"start":{"line":187,"column":16},"end":{"line":187,"column":63}},{"start":{"line":188,"column":16},"end":{"line":188,"column":62}}],"line":186},"6":{"loc":{"start":{"line":228,"column":13},"end":{"line":238,"column":13}},"type":"binary-expr","locations":[{"start":{"line":228,"column":13},"end":{"line":228,"column":17}},{"start":{"line":228,"column":21},"end":{"line":228,"column":42}},{"start":{"line":229,"column":14},"end":{"line":237,"column":23}}],"line":228},"7":{"loc":{"start":{"line":239,"column":13},"end":{"line":250,"column":13}},"type":"binary-expr","locations":[{"start":{"line":239,"column":13},"end":{"line":239,"column":17}},{"start":{"line":240,"column":14},"end":{"line":249,"column":23}}],"line":239}},"s":{"0":7,"1":7,"2":7,"3":7,"4":7,"5":7,"6":0,"7":7,"8":0,"9":0,"10":0,"11":0,"12":0,"13":0,"14":0,"15":0,"16":0,"17":0,"18":0,"19":0,"20":0,"21":0,"22":0,"23":0,"24":0,"25":0,"26":0,"27":0,"28":0,"29":0,"30":0,"31":0,"32":0,"33":0,"34":0,"35":0,"36":0},"f":{"0":7,"1":0,"2":0,"3":0,"4":0,"5":0,"6":0,"7":0,"8":0,"9":0,"10":0,"11":0,"12":0,"13":0,"14":0,"15":0,"16":0,"17":0,"18":0,"19":0,"20":0,"21":0,"22":0},"b":{"0":[7,0,0],"1":[0,7],"2":[0,7],"3":[7,0],"4":[0,0],"5":[0,7],"6":[7,0,0],"7":[7,0]},"_coverageSchema":"1a1c01bbd47fc00a2c39e90264f33305004495a9","hash":"55a970047ce03febebec9c1b1f34aabd8b36aa5b"}
,"/Users/siyajariwala/Desktop/my-project/frontend_findVirtualMe/src/components/examplePortfolios.jsx": {"path":"/Users/siyajariwala/Desktop/my-project/frontend_findVirtualMe/src/components/examplePortfolios.jsx","statementMap":{"0":{"start":{"line":5,"column":19},"end":{"line":5,"column":32}},"1":{"start":{"line":6,"column":21},"end":{"line":53,"column":3}},"2":{"start":{"line":55,"column":19},"end":{"line":55,"column":32}},"3":{"start":{"line":56,"column":26},"end":{"line":58,"column":3}},"4":{"start":{"line":57,"column":4},"end":{"line":57,"column":78}},"5":{"start":{"line":61,"column":26},"end":{"line":61,"column":36}},"6":{"start":{"line":62,"column":2},"end":{"line":73,"column":3}},"7":{"start":{"line":63,"column":4},"end":{"line":63,"column":47}},"8":{"start":{"line":64,"column":9},"end":{"line":73,"column":3}},"9":{"start":{"line":65,"column":4},"end":{"line":72,"column":6}},"10":{"start":{"line":66,"column":6},"end":{"line":71,"column":25}},"11":{"start":{"line":75,"column":2},"end":{"line":96,"column":4}},"12":{"start":{"line":82,"column":14},"end":{"line":90,"column":20}},"13":{"start":{"line":85,"column":31},"end":{"line":85,"column":49}}},"fnMap":{"0":{"name":"ExamplePortfolios","decl":{"start":{"line":4,"column":24},"end":{"line":4,"column":41}},"loc":{"start":{"line":4,"column":44},"end":{"line":97,"column":1}},"line":4},"1":{"name":"(anonymous_1)","decl":{"start":{"line":56,"column":26},"end":{"line":56,"column":27}},"loc":{"start":{"line":56,"column":41},"end":{"line":58,"column":3}},"line":56},"2":{"name":"(anonymous_2)","decl":{"start":{"line":65,"column":42},"end":{"line":65,"column":43}},"loc":{"start":{"line":66,"column":6},"end":{"line":71,"column":25}},"line":66},"3":{"name":"(anonymous_3)","decl":{"start":{"line":81,"column":35},"end":{"line":81,"column":36}},"loc":{"start":{"line":82,"column":14},"end":{"line":90,"column":20}},"line":82},"4":{"name":"(anonymous_4)","decl":{"start":{"line":85,"column":25},"end":{"line":85,"column":26}},"loc":{"start":{"line":85,"column":31},"end":{"line":85,"column":49}},"line":85}},"branchMap":{"0":{"loc":{"start":{"line":57,"column":4},"end":{"line":57,"column":77}},"type":"cond-expr","locations":[{"start":{"line":57,"column":25},"end":{"line":57,"column":53}},{"start":{"line":57,"column":56},"end":{"line":57,"column":77}}],"line":57},"1":{"loc":{"start":{"line":62,"column":2},"end":{"line":73,"column":3}},"type":"if","locations":[{"start":{"line":62,"column":2},"end":{"line":73,"column":3}},{"start":{"line":64,"column":9},"end":{"line":73,"column":3}}],"line":62},"2":{"loc":{"start":{"line":64,"column":9},"end":{"line":73,"column":3}},"type":"if","locations":[{"start":{"line":64,"column":9},"end":{"line":73,"column":3}},{"start":{},"end":{}}],"line":64}},"s":{"0":3,"1":3,"2":3,"3":3,"4":0,"5":3,"6":3,"7":0,"8":3,"9":0,"10":0,"11":3,"12":24,"13":0},"f":{"0":3,"1":0,"2":0,"3":24,"4":0},"b":{"0":[0,0],"1":[0,3],"2":[0,3]},"_coverageSchema":"1a1c01bbd47fc00a2c39e90264f33305004495a9","hash":"1a507fa668e9538dd35fbc2216b80ba69b5d9655"}
,"/Users/siyajariwala/Desktop/my-project/frontend_findVirtualMe/src/context/AuthContext.jsx": {"path":"/Users/siyajariwala/Desktop/my-project/frontend_findVirtualMe/src/context/AuthContext.jsx","statementMap":{"0":{"start":{"line":5,"column":27},"end":{"line":5,"column":42}},"1":{"start":{"line":9,"column":48},"end":{"line":9,"column":89}},"2":{"start":{"line":10,"column":24},"end":{"line":16,"column":3}},"3":{"start":{"line":11,"column":4},"end":{"line":11,"column":37}},"4":{"start":{"line":12,"column":4},"end":{"line":12,"column":37}},"5":{"start":{"line":13,"column":4},"end":{"line":13,"column":43}},"6":{"start":{"line":14,"column":4},"end":{"line":14,"column":30}},"7":{"start":{"line":15,"column":4},"end":{"line":15,"column":33}},"8":{"start":{"line":17,"column":23},"end":{"line":19,"column":3}},"9":{"start":{"line":18,"column":4},"end":{"line":18,"column":29}},"10":{"start":{"line":22,"column":26},"end":{"line":22,"column":40}},"11":{"start":{"line":23,"column":28},"end":{"line":23,"column":75}},"12":{"start":{"line":24,"column":21},"end":{"line":24,"column":53}},"13":{"start":{"line":25,"column":22},"end":{"line":25,"column":38}},"14":{"start":{"line":26,"column":40},"end":{"line":26,"column":54}},"15":{"start":{"line":27,"column":2},"end":{"line":50,"column":14}},"16":{"start":{"line":28,"column":4},"end":{"line":28,"column":23}},"17":{"start":{"line":28,"column":16},"end":{"line":28,"column":23}},"18":{"start":{"line":29,"column":4},"end":{"line":49,"column":5}},"19":{"start":{"line":30,"column":6},"end":{"line":48,"column":11}},"20":{"start":{"line":35,"column":10},"end":{"line":35,"column":33}},"21":{"start":{"line":36,"column":10},"end":{"line":36,"column":62}},"22":{"start":{"line":39,"column":10},"end":{"line":42,"column":11}},"23":{"start":{"line":40,"column":12},"end":{"line":40,"column":90}},"24":{"start":{"line":41,"column":12},"end":{"line":41,"column":100}},"25":{"start":{"line":45,"column":10},"end":{"line":45,"column":25}},"26":{"start":{"line":46,"column":10},"end":{"line":46,"column":24}},"27":{"start":{"line":47,"column":10},"end":{"line":47,"column":43}},"28":{"start":{"line":52,"column":2},"end":{"line":54,"column":20}},"29":{"start":{"line":53,"column":4},"end":{"line":53,"column":76}},"30":{"start":{"line":53,"column":21},"end":{"line":53,"column":76}},"31":{"start":{"line":59,"column":16},"end":{"line":87,"column":3}},"32":{"start":{"line":60,"column":4},"end":{"line":86,"column":5}},"33":{"start":{"line":61,"column":18},"end":{"line":64,"column":8}},"34":{"start":{"line":66,"column":6},"end":{"line":66,"column":57}},"35":{"start":{"line":66,"column":25},"end":{"line":66,"column":54}},"36":{"start":{"line":67,"column":6},"end":{"line":67,"column":31}},"37":{"start":{"line":68,"column":6},"end":{"line":68,"column":57}},"38":{"start":{"line":69,"column":6},"end":{"line":69,"column":76}},"39":{"start":{"line":70,"column":6},"end":{"line":70,"column":52}},"40":{"start":{"line":73,"column":6},"end":{"line":78,"column":7}},"41":{"start":{"line":74,"column":8},"end":{"line":74,"column":86}},"42":{"start":{"line":75,"column":8},"end":{"line":75,"column":86}},"43":{"start":{"line":77,"column":8},"end":{"line":77,"column":64}},"44":{"start":{"line":80,"column":6},"end":{"line":80,"column":31}},"45":{"start":{"line":81,"column":6},"end":{"line":81,"column":34}},"46":{"start":{"line":83,"column":6},"end":{"line":83,"column":34}},"47":{"start":{"line":84,"column":6},"end":{"line":84,"column":39}},"48":{"start":{"line":85,"column":6},"end":{"line":85,"column":16}},"49":{"start":{"line":89,"column":17},"end":{"line":98,"column":3}},"50":{"start":{"line":90,"column":4},"end":{"line":90,"column":18}},"51":{"start":{"line":91,"column":4},"end":{"line":91,"column":19}},"52":{"start":{"line":92,"column":4},"end":{"line":92,"column":25}},"53":{"start":{"line":94,"column":4},"end":{"line":94,"column":24}},"54":{"start":{"line":95,"column":4},"end":{"line":95,"column":30}},"55":{"start":{"line":96,"column":4},"end":{"line":96,"column":33}},"56":{"start":{"line":97,"column":4},"end":{"line":97,"column":30}},"57":{"start":{"line":100,"column":22},"end":{"line":113,"column":3}},"58":{"start":{"line":101,"column":4},"end":{"line":112,"column":5}},"59":{"start":{"line":102,"column":20},"end":{"line":102,"column":49}},"60":{"start":{"line":103,"column":18},"end":{"line":105,"column":8}},"61":{"start":{"line":106,"column":6},"end":{"line":106,"column":29}},"62":{"start":{"line":107,"column":6},"end":{"line":107,"column":38}},"63":{"start":{"line":109,"column":6},"end":{"line":109,"column":51}},"64":{"start":{"line":110,"column":6},"end":{"line":110,"column":43}},"65":{"start":{"line":111,"column":6},"end":{"line":111,"column":20}},"66":{"start":{"line":115,"column":2},"end":{"line":134,"column":4}}},"fnMap":{"0":{"name":"AuthProvider","decl":{"start":{"line":7,"column":16},"end":{"line":7,"column":28}},"loc":{"start":{"line":7,"column":43},"end":{"line":135,"column":1}},"line":7},"1":{"name":"(anonymous_1)","decl":{"start":{"line":10,"column":24},"end":{"line":10,"column":25}},"loc":{"start":{"line":10,"column":30},"end":{"line":16,"column":3}},"line":10},"2":{"name":"(anonymous_2)","decl":{"start":{"line":17,"column":23},"end":{"line":17,"column":24}},"loc":{"start":{"line":17,"column":29},"end":{"line":19,"column":3}},"line":17},"3":{"name":"(anonymous_3)","decl":{"start":{"line":27,"column":12},"end":{"line":27,"column":13}},"loc":{"start":{"line":27,"column":18},"end":{"line":50,"column":3}},"line":27},"4":{"name":"(anonymous_4)","decl":{"start":{"line":34,"column":14},"end":{"line":34,"column":15}},"loc":{"start":{"line":34,"column":23},"end":{"line":43,"column":9}},"line":34},"5":{"name":"(anonymous_5)","decl":{"start":{"line":44,"column":15},"end":{"line":44,"column":16}},"loc":{"start":{"line":44,"column":21},"end":{"line":48,"column":9}},"line":44},"6":{"name":"(anonymous_6)","decl":{"start":{"line":52,"column":12},"end":{"line":52,"column":13}},"loc":{"start":{"line":52,"column":18},"end":{"line":54,"column":3}},"line":52},"7":{"name":"(anonymous_7)","decl":{"start":{"line":59,"column":16},"end":{"line":59,"column":17}},"loc":{"start":{"line":59,"column":43},"end":{"line":87,"column":3}},"line":59},"8":{"name":"(anonymous_8)","decl":{"start":{"line":66,"column":14},"end":{"line":66,"column":15}},"loc":{"start":{"line":66,"column":25},"end":{"line":66,"column":54}},"line":66},"9":{"name":"(anonymous_9)","decl":{"start":{"line":89,"column":17},"end":{"line":89,"column":18}},"loc":{"start":{"line":89,"column":23},"end":{"line":98,"column":3}},"line":89},"10":{"name":"(anonymous_10)","decl":{"start":{"line":100,"column":22},"end":{"line":100,"column":23}},"loc":{"start":{"line":100,"column":34},"end":{"line":113,"column":3}},"line":100}},"branchMap":{"0":{"loc":{"start":{"line":23,"column":37},"end":{"line":23,"column":74}},"type":"binary-expr","locations":[{"start":{"line":23,"column":37},"end":{"line":23,"column":66}},{"start":{"line":23,"column":70},"end":{"line":23,"column":74}}],"line":23},"1":{"loc":{"start":{"line":28,"column":4},"end":{"line":28,"column":23}},"type":"if","locations":[{"start":{"line":28,"column":4},"end":{"line":28,"column":23}},{"start":{},"end":{}}],"line":28},"2":{"loc":{"start":{"line":29,"column":4},"end":{"line":49,"column":5}},"type":"if","locations":[{"start":{"line":29,"column":4},"end":{"line":49,"column":5}},{"start":{},"end":{}}],"line":29},"3":{"loc":{"start":{"line":39,"column":10},"end":{"line":42,"column":11}},"type":"if","locations":[{"start":{"line":39,"column":10},"end":{"line":42,"column":11}},{"start":{},"end":{}}],"line":39},"4":{"loc":{"start":{"line":53,"column":4},"end":{"line":53,"column":76}},"type":"if","locations":[{"start":{"line":53,"column":4},"end":{"line":53,"column":76}},{"start":{},"end":{}}],"line":53},"5":{"loc":{"start":{"line":69,"column":37},"end":{"line":69,"column":74}},"type":"binary-expr","locations":[{"start":{"line":69,"column":37},"end":{"line":69,"column":54}},{"start":{"line":69,"column":58},"end":{"line":69,"column":74}}],"line":69},"6":{"loc":{"start":{"line":73,"column":6},"end":{"line":78,"column":7}},"type":"if","locations":[{"start":{"line":73,"column":6},"end":{"line":78,"column":7}},{"start":{"line":76,"column":13},"end":{"line":78,"column":7}}],"line":73}},"s":{"0":2,"1":0,"2":0,"3":0,"4":0,"5":0,"6":0,"7":0,"8":0,"9":0,"10":0,"11":0,"12":0,"13":0,"14":0,"15":0,"16":0,"17":0,"18":0,"19":0,"20":0,"21":0,"22":0,"23":0,"24":0,"25":0,"26":0,"27":0,"28":0,"29":0,"30":0,"31":0,"32":0,"33":0,"34":0,"35":0,"36":0,"37":0,"38":0,"39":0,"40":0,"41":0,"42":0,"43":0,"44":0,"45":0,"46":0,"47":0,"48":0,"49":0,"50":0,"51":0,"52":0,"53":0,"54":0,"55":0,"56":0,"57":0,"58":0,"59":0,"60":0,"61":0,"62":0,"63":0,"64":0,"65":0,"66":0},"f":{"0":0,"1":0,"2":0,"3":0,"4":0,"5":0,"6":0,"7":0,"8":0,"9":0,"10":0},"b":{"0":[0,0],"1":[0,0],"2":[0,0],"3":[0,0],"4":[0,0],"5":[0,0],"6":[0,0]},"_coverageSchema":"1a1c01bbd47fc00a2c39e90264f33305004495a9","hash":"f94a6c1ca32f43e7f1a650125b47e8156aba6b52"}
,"/Users/siyajariwala/Desktop/my-project/frontend_findVirtualMe/src/pages/login/Auth.jsx": {"path":"/Users/siyajariwala/Desktop/my-project/frontend_findVirtualMe/src/pages/login/Auth.jsx","statementMap":{"0":{"start":{"line":8,"column":13},"end":{"line":154,"column":1}},"1":{"start":{"line":9,"column":17},"end":{"line":9,"column":49}},"2":{"start":{"line":10,"column":19},"end":{"line":10,"column":32}},"3":{"start":{"line":11,"column":26},"end":{"line":11,"column":63}},"4":{"start":{"line":12,"column":28},"end":{"line":12,"column":40}},"5":{"start":{"line":13,"column":32},"end":{"line":13,"column":47}},"6":{"start":{"line":14,"column":42},"end":{"line":14,"column":56}},"7":{"start":{"line":15,"column":34},"end":{"line":15,"column":57}},"8":{"start":{"line":17,"column":23},"end":{"line":17,"column":83}},"9":{"start":{"line":17,"column":30},"end":{"line":17,"column":83}},"10":{"start":{"line":19,"column":23},"end":{"line":34,"column":3}},"11":{"start":{"line":20,"column":4},"end":{"line":20,"column":23}},"12":{"start":{"line":21,"column":4},"end":{"line":21,"column":17}},"13":{"start":{"line":22,"column":4},"end":{"line":22,"column":21}},"14":{"start":{"line":24,"column":4},"end":{"line":33,"column":5}},"15":{"start":{"line":25,"column":6},"end":{"line":25,"column":45}},"16":{"start":{"line":26,"column":6},"end":{"line":26,"column":29}},"17":{"start":{"line":26,"column":19},"end":{"line":26,"column":29}},"18":{"start":{"line":27,"column":6},"end":{"line":27,"column":27}},"19":{"start":{"line":29,"column":6},"end":{"line":29,"column":38}},"20":{"start":{"line":30,"column":6},"end":{"line":30,"column":52}},"21":{"start":{"line":32,"column":6},"end":{"line":32,"column":24}},"22":{"start":{"line":36,"column":23},"end":{"line":40,"column":3}},"23":{"start":{"line":37,"column":4},"end":{"line":37,"column":13}},"24":{"start":{"line":38,"column":4},"end":{"line":38,"column":41}},"25":{"start":{"line":39,"column":4},"end":{"line":39,"column":18}},"26":{"start":{"line":42,"column":2},"end":{"line":153,"column":4}},"27":{"start":{"line":51,"column":24},"end":{"line":51,"column":43}},"28":{"start":{"line":85,"column":29},"end":{"line":85,"column":53}},"29":{"start":{"line":86,"column":28},"end":{"line":86,"column":49}},"30":{"start":{"line":110,"column":29},"end":{"line":110,"column":56}},"31":{"start":{"line":111,"column":28},"end":{"line":111,"column":49}},"32":{"start":{"line":143,"column":14},"end":{"line":143,"column":24}},"33":{"start":{"line":144,"column":14},"end":{"line":144,"column":38}}},"fnMap":{"0":{"name":"(anonymous_0)","decl":{"start":{"line":8,"column":13},"end":{"line":8,"column":14}},"loc":{"start":{"line":8,"column":30},"end":{"line":154,"column":1}},"line":8},"1":{"name":"(anonymous_1)","decl":{"start":{"line":17,"column":23},"end":{"line":17,"column":24}},"loc":{"start":{"line":17,"column":30},"end":{"line":17,"column":83}},"line":17},"2":{"name":"(anonymous_2)","decl":{"start":{"line":19,"column":23},"end":{"line":19,"column":24}},"loc":{"start":{"line":19,"column":36},"end":{"line":34,"column":3}},"line":19},"3":{"name":"(anonymous_3)","decl":{"start":{"line":36,"column":23},"end":{"line":36,"column":24}},"loc":{"start":{"line":36,"column":29},"end":{"line":40,"column":3}},"line":36},"4":{"name":"(anonymous_4)","decl":{"start":{"line":51,"column":17},"end":{"line":51,"column":18}},"loc":{"start":{"line":51,"column":24},"end":{"line":51,"column":43}},"line":51},"5":{"name":"(anonymous_5)","decl":{"start":{"line":85,"column":23},"end":{"line":85,"column":24}},"loc":{"start":{"line":85,"column":29},"end":{"line":85,"column":53}},"line":85},"6":{"name":"(anonymous_6)","decl":{"start":{"line":86,"column":22},"end":{"line":86,"column":23}},"loc":{"start":{"line":86,"column":28},"end":{"line":86,"column":49}},"line":86},"7":{"name":"(anonymous_7)","decl":{"start":{"line":110,"column":23},"end":{"line":110,"column":24}},"loc":{"start":{"line":110,"column":29},"end":{"line":110,"column":56}},"line":110},"8":{"name":"(anonymous_8)","decl":{"start":{"line":111,"column":22},"end":{"line":111,"column":23}},"loc":{"start":{"line":111,"column":28},"end":{"line":111,"column":49}},"line":111},"9":{"name":"(anonymous_9)","decl":{"start":{"line":142,"column":21},"end":{"line":142,"column":22}},"loc":{"start":{"line":142,"column":27},"end":{"line":145,"column":13}},"line":142}},"branchMap":{"0":{"loc":{"start":{"line":26,"column":6},"end":{"line":26,"column":29}},"type":"if","locations":[{"start":{"line":26,"column":6},"end":{"line":26,"column":29}},{"start":{},"end":{}}],"line":26},"1":{"loc":{"start":{"line":66,"column":56},"end":{"line":66,"column":107}},"type":"cond-expr","locations":[{"start":{"line":66,"column":63},"end":{"line":66,"column":70}},{"start":{"line":66,"column":73},"end":{"line":66,"column":107}}],"line":66},"2":{"loc":{"start":{"line":72,"column":16},"end":{"line":74,"column":42}},"type":"cond-expr","locations":[{"start":{"line":73,"column":20},"end":{"line":73,"column":68}},{"start":{"line":74,"column":20},"end":{"line":74,"column":42}}],"line":72},"3":{"loc":{"start":{"line":72,"column":16},"end":{"line":72,"column":54}},"type":"binary-expr","locations":[{"start":{"line":72,"column":16},"end":{"line":72,"column":40}},{"start":{"line":72,"column":44},"end":{"line":72,"column":54}}],"line":72},"4":{"loc":{"start":{"line":97,"column":16},"end":{"line":99,"column":42}},"type":"cond-expr","locations":[{"start":{"line":98,"column":20},"end":{"line":98,"column":68}},{"start":{"line":99,"column":20},"end":{"line":99,"column":42}}],"line":97},"5":{"loc":{"start":{"line":97,"column":16},"end":{"line":97,"column":60}},"type":"binary-expr","locations":[{"start":{"line":97,"column":16},"end":{"line":97,"column":43}},{"start":{"line":97,"column":47},"end":{"line":97,"column":60}}],"line":97},"6":{"loc":{"start":{"line":118,"column":11},"end":{"line":118,"column":88}},"type":"binary-expr","locations":[{"start":{"line":118,"column":11},"end":{"line":118,"column":16}},{"start":{"line":118,"column":20},"end":{"line":118,"column":88}}],"line":118},"7":{"loc":{"start":{"line":125,"column":45},"end":{"line":125,"column":82}},"type":"cond-expr","locations":[{"start":{"line":125,"column":55},"end":{"line":125,"column":70}},{"start":{"line":125,"column":73},"end":{"line":125,"column":82}}],"line":125},"8":{"loc":{"start":{"line":129,"column":11},"end":{"line":137,"column":11}},"type":"binary-expr","locations":[{"start":{"line":129,"column":11},"end":{"line":129,"column":15}},{"start":{"line":130,"column":12},"end":{"line":136,"column":21}}],"line":129}},"s":{"0":2,"1":9,"2":9,"3":9,"4":9,"5":9,"6":9,"7":9,"8":9,"9":0,"10":9,"11":0,"12":0,"13":0,"14":0,"15":0,"16":0,"17":0,"18":0,"19":0,"20":0,"21":0,"22":9,"23":0,"24":0,"25":0,"26":9,"27":0,"28":0,"29":0,"30":0,"31":0,"32":0,"33":0},"f":{"0":9,"1":0,"2":0,"3":0,"4":0,"5":0,"6":0,"7":0,"8":0,"9":0},"b":{"0":[0,0],"1":[0,9],"2":[0,9],"3":[9,9],"4":[0,9],"5":[9,9],"6":[9,0],"7":[0,9],"8":[9,0]},"_coverageSchema":"1a1c01bbd47fc00a2c39e90264f33305004495a9","hash":"6a2ee2116291e786a83a4695944947fbfabde370"}
,"/Users/siyajariwala/Desktop/my-project/frontend_findVirtualMe/src/pages/login/SignUp.jsx": {"path":"/Users/siyajariwala/Desktop/my-project/frontend_findVirtualMe/src/pages/login/SignUp.jsx","statementMap":{"0":{"start":{"line":8,"column":17},"end":{"line":8,"column":49}},"1":{"start":{"line":9,"column":26},"end":{"line":9,"column":87}},"2":{"start":{"line":10,"column":32},"end":{"line":10,"column":47}},"3":{"start":{"line":11,"column":27},"end":{"line":11,"column":50}},"4":{"start":{"line":13,"column":19},"end":{"line":13,"column":32}},"5":{"start":{"line":15,"column":23},"end":{"line":17,"column":3}},"6":{"start":{"line":16,"column":4},"end":{"line":16,"column":58}},"7":{"start":{"line":19,"column":23},"end":{"line":43,"column":3}},"8":{"start":{"line":20,"column":4},"end":{"line":20,"column":23}},"9":{"start":{"line":22,"column":4},"end":{"line":25,"column":5}},"10":{"start":{"line":23,"column":6},"end":{"line":23,"column":47}},"11":{"start":{"line":24,"column":6},"end":{"line":24,"column":13}},"12":{"start":{"line":27,"column":4},"end":{"line":42,"column":5}},"13":{"start":{"line":28,"column":18},"end":{"line":28,"column":65}},"14":{"start":{"line":29,"column":31},"end":{"line":29,"column":39}},"15":{"start":{"line":32,"column":6},"end":{"line":32,"column":43}},"16":{"start":{"line":33,"column":6},"end":{"line":33,"column":43}},"17":{"start":{"line":34,"column":6},"end":{"line":34,"column":21}},"18":{"start":{"line":36,"column":6},"end":{"line":36,"column":23}},"19":{"start":{"line":37,"column":6},"end":{"line":37,"column":43}},"20":{"start":{"line":38,"column":6},"end":{"line":38,"column":29}},"21":{"start":{"line":40,"column":6},"end":{"line":40,"column":25}},"22":{"start":{"line":41,"column":6},"end":{"line":41,"column":36}},"23":{"start":{"line":45,"column":2},"end":{"line":97,"column":4}}},"fnMap":{"0":{"name":"SignUp","decl":{"start":{"line":7,"column":24},"end":{"line":7,"column":30}},"loc":{"start":{"line":7,"column":33},"end":{"line":98,"column":1}},"line":7},"1":{"name":"(anonymous_1)","decl":{"start":{"line":15,"column":23},"end":{"line":15,"column":24}},"loc":{"start":{"line":15,"column":30},"end":{"line":17,"column":3}},"line":15},"2":{"name":"(anonymous_2)","decl":{"start":{"line":19,"column":23},"end":{"line":19,"column":24}},"loc":{"start":{"line":19,"column":36},"end":{"line":43,"column":3}},"line":19}},"branchMap":{"0":{"loc":{"start":{"line":22,"column":4},"end":{"line":25,"column":5}},"type":"if","locations":[{"start":{"line":22,"column":4},"end":{"line":25,"column":5}},{"start":{},"end":{}}],"line":22},"1":{"loc":{"start":{"line":22,"column":8},"end":{"line":22,"column":69}},"type":"binary-expr","locations":[{"start":{"line":22,"column":8},"end":{"line":22,"column":18}},{"start":{"line":22,"column":22},"end":{"line":22,"column":33}},{"start":{"line":22,"column":37},"end":{"line":22,"column":51}},{"start":{"line":22,"column":55},"end":{"line":22,"column":69}}],"line":22},"2":{"loc":{"start":{"line":88,"column":7},"end":{"line":95,"column":7}},"type":"binary-expr","locations":[{"start":{"line":88,"column":7},"end":{"line":88,"column":14}},{"start":{"line":89,"column":8},"end":{"line":94,"column":14}}],"line":88}},"s":{"0":9,"1":9,"2":9,"3":9,"4":9,"5":9,"6":0,"7":9,"8":0,"9":0,"10":0,"11":0,"12":0,"13":0,"14":0,"15":0,"16":0,"17":0,"18":0,"19":0,"20":0,"21":0,"22":0,"23":9},"f":{"0":9,"1":0,"2":0},"b":{"0":[0,0],"1":[0,0,0,0],"2":[9,0]},"_coverageSchema":"1a1c01bbd47fc00a2c39e90264f33305004495a9","hash":"33c7f50bd10f91cc7f18f27978515be25342bec1"}
,"/Users/siyajariwala/Desktop/my-project/frontend_findVirtualMe/src/utils/axiosAuth.js": {"path":"/Users/siyajariwala/Desktop/my-project/frontend_findVirtualMe/src/utils/axiosAuth.js","statementMap":{"0":{"start":{"line":3,"column":18},"end":{"line":5,"column":2}},"1":{"start":{"line":7,"column":0},"end":{"line":18,"column":2}},"2":{"start":{"line":9,"column":18},"end":{"line":9,"column":47}},"3":{"start":{"line":11,"column":4},"end":{"line":13,"column":5}},"4":{"start":{"line":12,"column":6},"end":{"line":12,"column":55}},"5":{"start":{"line":15,"column":4},"end":{"line":15,"column":18}},"6":{"start":{"line":17,"column":13},"end":{"line":17,"column":34}}},"fnMap":{"0":{"name":"(anonymous_0)","decl":{"start":{"line":8,"column":2},"end":{"line":8,"column":3}},"loc":{"start":{"line":8,"column":14},"end":{"line":16,"column":3}},"line":8},"1":{"name":"(anonymous_1)","decl":{"start":{"line":17,"column":2},"end":{"line":17,"column":3}},"loc":{"start":{"line":17,"column":13},"end":{"line":17,"column":34}},"line":17}},"branchMap":{"0":{"loc":{"start":{"line":11,"column":4},"end":{"line":13,"column":5}},"type":"if","locations":[{"start":{"line":11,"column":4},"end":{"line":13,"column":5}},{"start":{},"end":{}}],"line":11}},"s":{"0":2,"1":2,"2":0,"3":0,"4":0,"5":0,"6":0},"f":{"0":0,"1":0},"b":{"0":[0,0]},"_coverageSchema":"1a1c01bbd47fc00a2c39e90264f33305004495a9","hash":"86f92a27c34f471e561a77ab7f9cd3f0d652cfe1"}
,"/Users/siyajariwala/Desktop/my-project/frontend_findVirtualMe/src/utils/useHandleCardClick.js": {"path":"/Users/siyajariwala/Desktop/my-project/frontend_findVirtualMe/src/utils/useHandleCardClick.js","statementMap":{"0":{"start":{"line":7,"column":19},"end":{"line":7,"column":32}},"1":{"start":{"line":8,"column":19},"end":{"line":8,"column":42}},"2":{"start":{"line":10,"column":26},"end":{"line":31,"column":3}},"3":{"start":{"line":11,"column":32},"end":{"line":11,"column":47}},"4":{"start":{"line":12,"column":4},"end":{"line":12,"column":52}},"5":{"start":{"line":13,"column":22},"end":{"line":13,"column":96}},"6":{"start":{"line":13,"column":63},"end":{"line":13,"column":95}},"7":{"start":{"line":15,"column":4},"end":{"line":15,"column":49}},"8":{"start":{"line":16,"column":4},"end":{"line":16,"column":61}},"9":{"start":{"line":17,"column":4},"end":{"line":30,"column":5}},"10":{"start":{"line":18,"column":6},"end":{"line":18,"column":48}},"11":{"start":{"line":19,"column":11},"end":{"line":30,"column":5}},"12":{"start":{"line":20,"column":6},"end":{"line":20,"column":61}},"13":{"start":{"line":21,"column":11},"end":{"line":30,"column":5}},"14":{"start":{"line":22,"column":23},"end":{"line":22,"column":89}},"15":{"start":{"line":23,"column":6},"end":{"line":23,"column":58}},"16":{"start":{"line":24,"column":11},"end":{"line":30,"column":5}},"17":{"start":{"line":25,"column":6},"end":{"line":25,"column":65}},"18":{"start":{"line":29,"column":6},"end":{"line":29,"column":46}},"19":{"start":{"line":33,"column":2},"end":{"line":33,"column":29}}},"fnMap":{"0":{"name":"useHandleCardClick","decl":{"start":{"line":6,"column":16},"end":{"line":6,"column":34}},"loc":{"start":{"line":6,"column":37},"end":{"line":34,"column":1}},"line":6},"1":{"name":"(anonymous_1)","decl":{"start":{"line":10,"column":26},"end":{"line":10,"column":27}},"loc":{"start":{"line":10,"column":33},"end":{"line":31,"column":3}},"line":10},"2":{"name":"(anonymous_2)","decl":{"start":{"line":13,"column":47},"end":{"line":13,"column":48}},"loc":{"start":{"line":13,"column":63},"end":{"line":13,"column":95}},"line":13}},"branchMap":{"0":{"loc":{"start":{"line":17,"column":4},"end":{"line":30,"column":5}},"type":"if","locations":[{"start":{"line":17,"column":4},"end":{"line":30,"column":5}},{"start":{"line":19,"column":11},"end":{"line":30,"column":5}}],"line":17},"1":{"loc":{"start":{"line":19,"column":11},"end":{"line":30,"column":5}},"type":"if","locations":[{"start":{"line":19,"column":11},"end":{"line":30,"column":5}},{"start":{"line":21,"column":11},"end":{"line":30,"column":5}}],"line":19},"2":{"loc":{"start":{"line":21,"column":11},"end":{"line":30,"column":5}},"type":"if","locations":[{"start":{"line":21,"column":11},"end":{"line":30,"column":5}},{"start":{"line":24,"column":11},"end":{"line":30,"column":5}}],"line":21},"3":{"loc":{"start":{"line":22,"column":24},"end":{"line":22,"column":53}},"type":"binary-expr","locations":[{"start":{"line":22,"column":24},"end":{"line":22,"column":30}},{"start":{"line":22,"column":34},"end":{"line":22,"column":41}},{"start":{"line":22,"column":45},"end":{"line":22,"column":53}}],"line":22},"4":{"loc":{"start":{"line":24,"column":11},"end":{"line":30,"column":5}},"type":"if","locations":[{"start":{"line":24,"column":11},"end":{"line":30,"column":5}},{"start":{"line":26,"column":11},"end":{"line":30,"column":5}}],"line":24}},"s":{"0":6,"1":6,"2":6,"3":0,"4":0,"5":0,"6":0,"7":0,"8":0,"9":0,"10":0,"11":0,"12":0,"13":0,"14":0,"15":0,"16":0,"17":0,"18":0,"19":6},"f":{"0":6,"1":0,"2":0},"b":{"0":[0,0],"1":[0,0],"2":[0,0],"3":[0,0,0],"4":[0,0]},"_coverageSchema":"1a1c01bbd47fc00a2c39e90264f33305004495a9","hash":"a9ff3f28494bcfbb8fe54c829b93dcccd66d3ada"}
}
