{"/Users/siyajariwala/Desktop/my-project/frontend_findVirtualMe/src/components/ErrorBoundary.jsx": {"path":"/Users/siyajariwala/Desktop/my-project/frontend_findVirtualMe/src/components/ErrorBoundary.jsx","statementMap":{"0":{"start":{"line":5,"column":4},"end":{"line":5,"column":17}},"1":{"start":{"line":6,"column":4},"end":{"line":6,"column":50}},"2":{"start":{"line":11,"column":4},"end":{"line":11,"column":37}},"3":{"start":{"line":16,"column":4},"end":{"line":16,"column":70}},"4":{"start":{"line":20,"column":4},"end":{"line":57,"column":5}},"5":{"start":{"line":22,"column":6},"end":{"line":56,"column":8}},"6":{"start":{"line":42,"column":27},"end":{"line":42,"column":51}},"7":{"start":{"line":59,"column":4},"end":{"line":59,"column":31}}},"fnMap":{"0":{"name":"(anonymous_0)","decl":{"start":{"line":4,"column":2},"end":{"line":4,"column":3}},"loc":{"start":{"line":4,"column":21},"end":{"line":7,"column":3}},"line":4},"1":{"name":"(anonymous_1)","decl":{"start":{"line":9,"column":2},"end":{"line":9,"column":3}},"loc":{"start":{"line":9,"column":41},"end":{"line":12,"column":3}},"line":9},"2":{"name":"(anonymous_2)","decl":{"start":{"line":14,"column":2},"end":{"line":14,"column":3}},"loc":{"start":{"line":14,"column":38},"end":{"line":17,"column":3}},"line":14},"3":{"name":"(anonymous_3)","decl":{"start":{"line":19,"column":2},"end":{"line":19,"column":3}},"loc":{"start":{"line":19,"column":11},"end":{"line":60,"column":3}},"line":19},"4":{"name":"(anonymous_4)","decl":{"start":{"line":42,"column":21},"end":{"line":42,"column":22}},"loc":{"start":{"line":42,"column":27},"end":{"line":42,"column":51}},"line":42}},"branchMap":{"0":{"loc":{"start":{"line":20,"column":4},"end":{"line":57,"column":5}},"type":"if","locations":[{"start":{"line":20,"column":4},"end":{"line":57,"column":5}},{"start":{},"end":{}}],"line":20}},"s":{"0":6,"1":5,"2":4,"3":2,"4":9,"5":4,"6":0,"7":5},"f":{"0":6,"1":4,"2":2,"3":9,"4":0},"b":{"0":[4,5]},"_coverageSchema":"1a1c01bbd47fc00a2c39e90264f33305004495a9","hash":"78d0c001d11e21889c23477c2360a1bbf8764f5e"}
}
