TN:
SF:src/components/AdminRoute.jsx
FN:5,(anonymous_0)
FNF:1
FNH:1
FNDA:4,(anonymous_0)
DA:5,1
DA:6,4
DA:7,4
DA:10,4
DA:11,1
DA:15,3
DA:16,1
DA:20,2
LF:8
LH:8
BRDA:10,0,0,1
BRDA:10,0,1,3
BRDA:10,1,0,4
BRDA:10,1,1,3
BRDA:15,2,0,1
BRDA:15,2,1,2
BRDA:20,3,0,1
BRDA:20,3,1,1
BRDA:20,4,0,2
BRDA:20,4,1,2
BRF:10
BRH:10
end_of_record
TN:
SF:src/context/AuthContext.jsx
FN:7,AuthProvider
FN:10,(anonymous_1)
FN:17,(anonymous_2)
FN:27,(anonymous_3)
FN:34,(anonymous_4)
FN:44,(anonymous_5)
FN:52,(anonymous_6)
FN:59,(anonymous_7)
FN:66,(anonymous_8)
FN:89,(anonymous_9)
FN:100,(anonymous_10)
FNF:11
FNH:11
FNDA:56,AuthProvider
FNDA:1,(anonymous_1)
FNDA:1,(anonymous_2)
FNDA:35,(anonymous_3)
FNDA:14,(anonymous_4)
FNDA:2,(anonymous_5)
FNDA:28,(anonymous_6)
FNDA:5,(anonymous_7)
FNDA:5,(anonymous_8)
FNDA:4,(anonymous_9)
FNDA:2,(anonymous_10)
DA:5,1
DA:9,56
DA:10,56
DA:11,1
DA:12,1
DA:13,1
DA:14,1
DA:15,1
DA:17,56
DA:18,1
DA:22,56
DA:23,56
DA:24,56
DA:25,56
DA:26,56
DA:27,56
DA:28,35
DA:29,16
DA:30,16
DA:35,14
DA:36,14
DA:39,14
DA:40,13
DA:41,13
DA:45,2
DA:46,2
DA:47,2
DA:52,56
DA:53,28
DA:59,56
DA:60,5
DA:61,5
DA:66,5
DA:67,5
DA:68,5
DA:69,5
DA:70,5
DA:73,5
DA:74,3
DA:75,3
DA:77,2
DA:80,5
DA:81,5
DA:83,0
DA:84,0
DA:85,0
DA:89,56
DA:90,4
DA:91,4
DA:92,4
DA:94,4
DA:95,4
DA:96,4
DA:97,4
DA:100,56
DA:101,2
DA:102,2
DA:103,2
DA:106,1
DA:107,1
DA:109,1
DA:110,1
DA:111,1
DA:115,56
LF:64
LH:61
BRDA:23,0,0,56
BRDA:23,0,1,25
BRDA:28,1,0,19
BRDA:28,1,1,16
BRDA:29,2,0,16
BRDA:29,2,1,0
BRDA:39,3,0,13
BRDA:39,3,1,1
BRDA:53,4,0,2
BRDA:53,4,1,26
BRDA:69,5,0,5
BRDA:69,5,1,1
BRDA:73,6,0,3
BRDA:73,6,1,2
BRF:14
BRH:13
end_of_record
