TN:
SF:src/components/Dashboard.jsx
FN:10,Dashboard
FN:30,(anonymous_1)
FN:39,(anonymous_2)
FN:51,(anonymous_3)
FN:62,(anonymous_4)
FN:76,(anonymous_5)
FN:82,(anonymous_6)
FN:85,(anonymous_7)
FN:86,(anonymous_8)
FN:97,(anonymous_9)
FN:111,(anonymous_10)
FN:129,(anonymous_11)
FN:136,(anonymous_12)
FN:137,(anonymous_13)
FN:150,(anonymous_14)
FN:154,(anonymous_15)
FN:155,(anonymous_16)
FN:162,(anonymous_17)
FN:163,(anonymous_18)
FN:175,(anonymous_19)
FN:179,(anonymous_20)
FN:181,(anonymous_21)
FN:200,(anonymous_22)
FN:204,(anonymous_23)
FN:237,(anonymous_24)
FN:241,(anonymous_25)
FN:244,(anonymous_26)
FN:260,(anonymous_27)
FN:266,(anonymous_28)
FN:293,(anonymous_29)
FN:297,(anonymous_30)
FN:321,(anonymous_31)
FN:332,(anonymous_32)
FN:349,(anonymous_33)
FN:353,(anonymous_34)
FN:372,(anonymous_35)
FN:376,(anonymous_36)
FNF:37
FNH:5
FNDA:6,Dashboard
FNDA:6,(anonymous_1)
FNDA:0,(anonymous_2)
FNDA:0,(anonymous_3)
FNDA:6,(anonymous_4)
FNDA:6,(anonymous_5)
FNDA:0,(anonymous_6)
FNDA:0,(anonymous_7)
FNDA:0,(anonymous_8)
FNDA:0,(anonymous_9)
FNDA:6,(anonymous_10)
FNDA:0,(anonymous_11)
FNDA:0,(anonymous_12)
FNDA:0,(anonymous_13)
FNDA:0,(anonymous_14)
FNDA:0,(anonymous_15)
FNDA:0,(anonymous_16)
FNDA:0,(anonymous_17)
FNDA:0,(anonymous_18)
FNDA:0,(anonymous_19)
FNDA:0,(anonymous_20)
FNDA:0,(anonymous_21)
FNDA:0,(anonymous_22)
FNDA:0,(anonymous_23)
FNDA:0,(anonymous_24)
FNDA:0,(anonymous_25)
FNDA:0,(anonymous_26)
FNDA:0,(anonymous_27)
FNDA:0,(anonymous_28)
FNDA:0,(anonymous_29)
FNDA:0,(anonymous_30)
FNDA:0,(anonymous_31)
FNDA:0,(anonymous_32)
FNDA:0,(anonymous_33)
FNDA:0,(anonymous_34)
FNDA:0,(anonymous_35)
FNDA:0,(anonymous_36)
DA:11,6
DA:12,6
DA:13,6
DA:14,6
DA:16,6
DA:17,6
DA:18,6
DA:19,6
DA:20,6
DA:23,6
DA:25,6
DA:30,6
DA:31,6
DA:32,6
DA:33,6
DA:34,0
DA:39,6
DA:40,0
DA:41,0
DA:43,0
DA:44,0
DA:45,0
DA:47,0
DA:51,6
DA:52,0
DA:53,0
DA:55,0
DA:59,0
DA:62,6
DA:63,6
DA:65,6
DA:67,6
DA:68,0
DA:71,0
DA:72,0
DA:76,6
DA:77,6
DA:78,6
DA:79,6
DA:82,6
DA:83,0
DA:84,0
DA:85,0
DA:86,0
DA:89,0
DA:90,0
DA:91,0
DA:93,0
DA:97,6
DA:98,0
DA:99,0
DA:103,0
DA:104,0
DA:106,0
DA:107,0
DA:111,6
DA:112,6
DA:113,6
DA:117,6
DA:118,0
DA:119,0
DA:121,6
DA:124,0
DA:125,0
DA:129,6
DA:130,0
DA:131,0
DA:133,0
DA:134,0
DA:136,0
DA:137,0
DA:139,0
DA:141,0
DA:144,0
DA:145,0
DA:150,6
DA:151,0
DA:152,0
DA:153,0
DA:154,0
DA:155,0
DA:158,0
DA:159,0
DA:162,6
DA:163,0
DA:164,0
DA:166,0
DA:167,0
DA:168,0
DA:171,0
DA:174,0
DA:175,0
DA:179,6
DA:181,6
DA:182,0
DA:183,0
DA:185,0
DA:187,0
DA:188,0
DA:189,0
DA:190,0
DA:192,0
DA:195,0
DA:196,0
DA:200,6
DA:201,0
DA:204,6
DA:205,0
DA:206,0
DA:217,0
DA:218,0
DA:220,0
DA:223,0
DA:224,0
DA:228,6
DA:238,0
DA:241,0
DA:245,0
DA:246,0
DA:260,0
DA:267,0
DA:268,0
DA:294,0
DA:297,0
DA:321,0
DA:332,0
DA:350,0
DA:353,0
DA:373,0
DA:376,0
LF:130
LH:40
BRDA:23,0,0,6
BRDA:23,0,1,6
BRDA:23,0,2,6
BRDA:26,1,0,6
BRDA:26,1,1,6
BRDA:26,1,2,6
BRDA:26,1,3,6
BRDA:26,1,4,6
BRDA:33,2,0,0
BRDA:33,2,1,6
BRDA:40,3,0,0
BRDA:40,3,1,0
BRDA:40,3,2,0
BRDA:40,3,3,0
BRDA:40,3,4,0
BRDA:40,3,5,0
BRDA:41,4,0,0
BRDA:41,4,1,0
BRDA:43,5,0,0
BRDA:43,5,1,0
BRDA:43,6,0,0
BRDA:43,6,1,0
BRDA:44,7,0,0
BRDA:44,7,1,0
BRDA:45,8,0,0
BRDA:45,8,1,0
BRDA:45,9,0,0
BRDA:45,9,1,0
BRDA:45,9,2,0
BRDA:51,10,0,0
BRDA:53,11,0,0
BRDA:53,11,1,0
BRDA:53,11,2,0
BRDA:53,11,3,0
BRDA:53,11,4,0
BRDA:55,12,0,0
BRDA:55,12,1,0
BRDA:55,12,2,0
BRDA:55,12,3,0
BRDA:57,13,0,0
BRDA:57,13,1,0
BRDA:58,14,0,0
BRDA:58,14,1,0
BRDA:58,15,0,0
BRDA:58,15,1,0
BRDA:67,16,0,0
BRDA:67,16,1,6
BRDA:83,17,0,0
BRDA:83,17,1,0
BRDA:103,18,0,0
BRDA:103,18,1,0
BRDA:117,19,0,0
BRDA:117,19,1,6
BRDA:118,20,0,0
BRDA:118,20,1,0
BRDA:133,21,0,0
BRDA:133,21,1,0
BRDA:137,22,0,0
BRDA:137,22,1,0
BRDA:150,23,0,0
BRDA:152,24,0,0
BRDA:152,24,1,0
BRDA:152,25,0,0
BRDA:152,25,1,0
BRDA:155,26,0,0
BRDA:155,26,1,0
BRDA:164,27,0,0
BRDA:164,27,1,0
BRDA:166,28,0,0
BRDA:166,28,1,0
BRDA:174,29,0,0
BRDA:174,29,1,0
BRDA:187,30,0,0
BRDA:187,30,1,0
BRDA:192,31,0,0
BRDA:192,31,1,0
BRDA:217,32,0,0
BRDA:217,32,1,0
BRDA:217,33,0,0
BRDA:217,33,1,0
BRDA:233,34,0,6
BRDA:233,34,1,0
BRDA:249,35,0,0
BRDA:249,35,1,0
BRDA:253,36,0,0
BRDA:253,36,1,0
BRDA:255,37,0,0
BRDA:255,37,1,0
BRDA:260,38,0,0
BRDA:260,38,1,0
BRDA:289,39,0,6
BRDA:289,39,1,0
BRDA:323,40,0,6
BRDA:323,40,1,0
BRDA:334,41,0,0
BRDA:334,41,1,6
BRDA:344,42,0,6
BRDA:344,42,1,0
BRF:98
BRH:16
end_of_record
TN:
SF:src/components/Navbar.jsx
FN:9,Navbar
FN:17,(anonymous_1)
FN:46,(anonymous_2)
FN:60,(anonymous_3)
FN:67,(anonymous_4)
FN:75,(anonymous_5)
FN:86,(anonymous_6)
FN:101,(anonymous_7)
FN:110,(anonymous_8)
FN:129,(anonymous_9)
FN:144,(anonymous_10)
FN:152,(anonymous_11)
FN:152,(anonymous_12)
FN:156,(anonymous_13)
FN:164,(anonymous_14)
FN:164,(anonymous_15)
FN:168,(anonymous_16)
FN:194,(anonymous_17)
FN:203,(anonymous_18)
FN:212,(anonymous_19)
FN:221,(anonymous_20)
FN:231,(anonymous_21)
FN:242,(anonymous_22)
FNF:23
FNH:1
FNDA:7,Navbar
FNDA:0,(anonymous_1)
FNDA:0,(anonymous_2)
FNDA:0,(anonymous_3)
FNDA:0,(anonymous_4)
FNDA:0,(anonymous_5)
FNDA:0,(anonymous_6)
FNDA:0,(anonymous_7)
FNDA:0,(anonymous_8)
FNDA:0,(anonymous_9)
FNDA:0,(anonymous_10)
FNDA:0,(anonymous_11)
FNDA:0,(anonymous_12)
FNDA:0,(anonymous_13)
FNDA:0,(anonymous_14)
FNDA:0,(anonymous_15)
FNDA:0,(anonymous_16)
FNDA:0,(anonymous_17)
FNDA:0,(anonymous_18)
FNDA:0,(anonymous_19)
FNDA:0,(anonymous_20)
FNDA:0,(anonymous_21)
FNDA:0,(anonymous_22)
DA:10,7
DA:11,7
DA:12,7
DA:14,7
DA:16,7
DA:17,7
DA:18,0
DA:21,7
DA:46,0
DA:60,0
DA:67,0
DA:75,0
DA:86,0
DA:101,0
DA:111,0
DA:112,0
DA:130,0
DA:131,0
DA:144,0
DA:152,0
DA:156,0
DA:164,0
DA:168,0
DA:195,0
DA:196,0
DA:204,0
DA:205,0
DA:213,0
DA:214,0
DA:222,0
DA:223,0
DA:232,0
DA:233,0
DA:243,0
DA:244,0
LF:35
LH:7
BRDA:72,0,0,7
BRDA:72,0,1,0
BRDA:72,0,2,0
BRDA:90,1,0,0
BRDA:90,1,1,7
BRDA:96,2,0,0
BRDA:96,2,1,7
BRDA:137,3,0,7
BRDA:137,3,1,0
BRDA:150,4,0,0
BRDA:150,4,1,0
BRDA:186,5,0,0
BRDA:186,5,1,7
BRDA:228,6,0,7
BRDA:228,6,1,0
BRDA:228,6,2,0
BRDA:239,7,0,7
BRDA:239,7,1,0
BRF:18
BRH:7
end_of_record
TN:
SF:src/components/examplePortfolios.jsx
FN:4,ExamplePortfolios
FN:56,(anonymous_1)
FN:65,(anonymous_2)
FN:81,(anonymous_3)
FN:85,(anonymous_4)
FNF:5
FNH:2
FNDA:3,ExamplePortfolios
FNDA:0,(anonymous_1)
FNDA:0,(anonymous_2)
FNDA:24,(anonymous_3)
FNDA:0,(anonymous_4)
DA:5,3
DA:6,3
DA:55,3
DA:56,3
DA:57,0
DA:61,3
DA:62,3
DA:63,0
DA:64,3
DA:65,0
DA:66,0
DA:75,3
DA:82,24
DA:85,0
LF:14
LH:9
BRDA:57,0,0,0
BRDA:57,0,1,0
BRDA:62,1,0,0
BRDA:62,1,1,3
BRDA:64,2,0,0
BRDA:64,2,1,3
BRF:6
BRH:2
end_of_record
TN:
SF:src/context/AuthContext.jsx
FN:7,AuthProvider
FN:10,(anonymous_1)
FN:17,(anonymous_2)
FN:27,(anonymous_3)
FN:34,(anonymous_4)
FN:44,(anonymous_5)
FN:52,(anonymous_6)
FN:59,(anonymous_7)
FN:66,(anonymous_8)
FN:89,(anonymous_9)
FN:100,(anonymous_10)
FNF:11
FNH:0
FNDA:0,AuthProvider
FNDA:0,(anonymous_1)
FNDA:0,(anonymous_2)
FNDA:0,(anonymous_3)
FNDA:0,(anonymous_4)
FNDA:0,(anonymous_5)
FNDA:0,(anonymous_6)
FNDA:0,(anonymous_7)
FNDA:0,(anonymous_8)
FNDA:0,(anonymous_9)
FNDA:0,(anonymous_10)
DA:5,2
DA:9,0
DA:10,0
DA:11,0
DA:12,0
DA:13,0
DA:14,0
DA:15,0
DA:17,0
DA:18,0
DA:22,0
DA:23,0
DA:24,0
DA:25,0
DA:26,0
DA:27,0
DA:28,0
DA:29,0
DA:30,0
DA:35,0
DA:36,0
DA:39,0
DA:40,0
DA:41,0
DA:45,0
DA:46,0
DA:47,0
DA:52,0
DA:53,0
DA:59,0
DA:60,0
DA:61,0
DA:66,0
DA:67,0
DA:68,0
DA:69,0
DA:70,0
DA:73,0
DA:74,0
DA:75,0
DA:77,0
DA:80,0
DA:81,0
DA:83,0
DA:84,0
DA:85,0
DA:89,0
DA:90,0
DA:91,0
DA:92,0
DA:94,0
DA:95,0
DA:96,0
DA:97,0
DA:100,0
DA:101,0
DA:102,0
DA:103,0
DA:106,0
DA:107,0
DA:109,0
DA:110,0
DA:111,0
DA:115,0
LF:64
LH:1
BRDA:23,0,0,0
BRDA:23,0,1,0
BRDA:28,1,0,0
BRDA:28,1,1,0
BRDA:29,2,0,0
BRDA:29,2,1,0
BRDA:39,3,0,0
BRDA:39,3,1,0
BRDA:53,4,0,0
BRDA:53,4,1,0
BRDA:69,5,0,0
BRDA:69,5,1,0
BRDA:73,6,0,0
BRDA:73,6,1,0
BRF:14
BRH:0
end_of_record
TN:
SF:src/pages/login/Auth.jsx
FN:8,(anonymous_0)
FN:17,(anonymous_1)
FN:19,(anonymous_2)
FN:36,(anonymous_3)
FN:51,(anonymous_4)
FN:85,(anonymous_5)
FN:86,(anonymous_6)
FN:110,(anonymous_7)
FN:111,(anonymous_8)
FN:142,(anonymous_9)
FNF:10
FNH:1
FNDA:9,(anonymous_0)
FNDA:0,(anonymous_1)
FNDA:0,(anonymous_2)
FNDA:0,(anonymous_3)
FNDA:0,(anonymous_4)
FNDA:0,(anonymous_5)
FNDA:0,(anonymous_6)
FNDA:0,(anonymous_7)
FNDA:0,(anonymous_8)
FNDA:0,(anonymous_9)
DA:8,2
DA:9,9
DA:10,9
DA:11,9
DA:12,9
DA:13,9
DA:14,9
DA:15,9
DA:17,9
DA:19,9
DA:20,0
DA:21,0
DA:22,0
DA:24,0
DA:25,0
DA:26,0
DA:27,0
DA:29,0
DA:30,0
DA:32,0
DA:36,9
DA:37,0
DA:38,0
DA:39,0
DA:42,9
DA:51,0
DA:85,0
DA:86,0
DA:110,0
DA:111,0
DA:143,0
DA:144,0
LF:32
LH:12
BRDA:26,0,0,0
BRDA:26,0,1,0
BRDA:66,1,0,0
BRDA:66,1,1,9
BRDA:72,2,0,0
BRDA:72,2,1,9
BRDA:72,3,0,9
BRDA:72,3,1,9
BRDA:97,4,0,0
BRDA:97,4,1,9
BRDA:97,5,0,9
BRDA:97,5,1,9
BRDA:118,6,0,9
BRDA:118,6,1,0
BRDA:125,7,0,0
BRDA:125,7,1,9
BRDA:129,8,0,9
BRDA:129,8,1,0
BRF:18
BRH:10
end_of_record
TN:
SF:src/pages/login/SignUp.jsx
FN:7,SignUp
FN:15,(anonymous_1)
FN:19,(anonymous_2)
FNF:3
FNH:1
FNDA:9,SignUp
FNDA:0,(anonymous_1)
FNDA:0,(anonymous_2)
DA:8,9
DA:9,9
DA:10,9
DA:11,9
DA:13,9
DA:15,9
DA:16,0
DA:19,9
DA:20,0
DA:22,0
DA:23,0
DA:24,0
DA:27,0
DA:28,0
DA:29,0
DA:32,0
DA:33,0
DA:34,0
DA:36,0
DA:37,0
DA:38,0
DA:40,0
DA:41,0
DA:45,9
LF:24
LH:8
BRDA:22,0,0,0
BRDA:22,0,1,0
BRDA:22,1,0,0
BRDA:22,1,1,0
BRDA:22,1,2,0
BRDA:22,1,3,0
BRDA:88,2,0,9
BRDA:88,2,1,0
BRF:8
BRH:1
end_of_record
TN:
SF:src/utils/axiosAuth.js
FN:8,(anonymous_0)
FN:17,(anonymous_1)
FNF:2
FNH:0
FNDA:0,(anonymous_0)
FNDA:0,(anonymous_1)
DA:3,2
DA:7,2
DA:9,0
DA:11,0
DA:12,0
DA:15,0
DA:17,0
LF:7
LH:2
BRDA:11,0,0,0
BRDA:11,0,1,0
BRF:2
BRH:0
end_of_record
TN:
SF:src/utils/useHandleCardClick.js
FN:6,useHandleCardClick
FN:10,(anonymous_1)
FN:13,(anonymous_2)
FNF:3
FNH:1
FNDA:6,useHandleCardClick
FNDA:0,(anonymous_1)
FNDA:0,(anonymous_2)
DA:7,6
DA:8,6
DA:10,6
DA:11,0
DA:12,0
DA:13,0
DA:15,0
DA:16,0
DA:17,0
DA:18,0
DA:19,0
DA:20,0
DA:21,0
DA:22,0
DA:23,0
DA:24,0
DA:25,0
DA:29,0
DA:33,6
LF:19
LH:4
BRDA:17,0,0,0
BRDA:17,0,1,0
BRDA:19,1,0,0
BRDA:19,1,1,0
BRDA:21,2,0,0
BRDA:21,2,1,0
BRDA:22,3,0,0
BRDA:22,3,1,0
BRDA:22,3,2,0
BRDA:24,4,0,0
BRDA:24,4,1,0
BRF:11
BRH:0
end_of_record
